Sun May 19 11:51:35 2002: --- Game Up: 6969 --- [6.66]

Sun May 19 11:52:36 2002: --- Shutdown: 6969 --- 

Sun May 19 11:53:53 2002: --- Game Up: 6969 --- [6.66]

Sun May 19 11:55:22 2002: --- Game Up: 6969 --- [6.66]

Sun May 19 11:56:38 2002: --- Game Up: 6969 --- [6.66]

Sun May 19 11:57:59 2002: --- Game Up: 6969 --- [6.66]

Sun May 19 11:59:11 2002: --- Game Up: 6969 --- [6.66]

Sun May 19 12:00:33 2002: Unable to bind socket. Error: 13 (Permission denied)
Sun May 19 12:00:37 2002: --- Game Up: 6969 --- [6.66]

Sun May 19 12:16:34 2002: --- Shutdown: 6969 --- 

Sun May 19 12:20:13 2002: Error occured in Failed reading room struct.
 in file files1.c line 593
Sun May 19 15:25:54 2002: --- Game Up: 6969 --- [6.66]

Sun May 19 16:16:46 2002: --- Shutdown: 6969 --- 

Wed Sep 22 21:15:45 2021: --- Game Up: 4040 --- [6.66]

Wed Sep 22 21:16:04 2021: Unable to bind socket. Error: 98 (Address already in use)
Wed Sep 22 21:16:13 2021: Unable to bind socket. Error: 98 (Address already in use)
Wed Sep 22 21:20:01 2021: Unable to bind socket. Error: 98 (Address already in use)
Wed Sep 22 21:20:04 2021: Unable to bind socket. Error: 98 (Address already in use)
Wed Sep 22 21:20:07 2021: --- Game Up: 4041 --- [6.66]

Wed Sep 22 21:21:54 2021: Unable to bind socket. Error: 98 (Address already in use)
Wed Sep 22 21:22:04 2021: Unable to bind socket. Error: 98 (Address already in use)
Wed Sep 22 21:22:08 2021: Unable to bind socket. Error: 98 (Address already in use)
Wed Sep 22 21:22:09 2021: --- Game Up: 4042 --- [6.66]

Wed Sep 22 21:22:13 2021: --- Game Up: 4043 --- [6.66]

Wed Sep 22 21:23:56 2021: Unable to bind socket. Error: 98 (Address already in use)
Wed Sep 22 21:26:13 2021: Unable to bind socket. Error: 98 (Address already in use)
Wed Sep 22 21:26:16 2021: Unable to bind socket. Error: 98 (Address already in use)
Wed Sep 22 21:26:18 2021: Unable to bind socket. Error: 98 (Address already in use)
Wed Sep 22 21:28:55 2021: Unable to bind socket. Error: 98 (Address already in use)
Wed Sep 22 21:29:29 2021: Unable to bind socket. Error: 98 (Address already in use)
Wed Sep 22 21:29:31 2021: Unable to bind socket. Error: 98 (Address already in use)
Wed Sep 22 21:31:19 2021: Unable to bind socket. Error: 98 (Address already in use)
Wed Sep 22 21:31:27 2021: Unable to bind socket. Error: 98 (Address already in use)
Wed Sep 22 21:31:39 2021: Error occured in Failed reading room struct.
 in file files1.c line 593
Wed Sep 22 21:32:04 2021: Unable to bind socket. Error: 98 (Address already in use)
Wed Sep 22 21:33:18 2021: Unable to bind socket. Error: 98 (Address already in use)
Wed Sep 22 21:33:34 2021: Unable to bind socket. Error: 98 (Address already in use)
Wed Sep 22 21:38:13 2021: Unable to bind socket. Error: 98 (Address already in use)
Wed Sep 22 21:38:18 2021: Unable to bind socket. Error: 98 (Address already in use)
Wed Sep 22 21:41:01 2021: Unable to bind socket. Error: 98 (Address already in use)
Wed Sep 22 21:48:20 2021: --- Game Up: 5633 --- [6.66]

Wed Sep 22 21:48:23 2021: Unable to bind socket. Error: 98 (Address already in use)
Wed Sep 22 21:48:28 2021: Unable to bind socket. Error: 98 (Address already in use)
Wed Sep 22 21:50:41 2021: Unable to bind socket. Error: 98 (Address already in use)
Wed Sep 22 22:16:53 2021: Unable to bind socket. Error: 98 (Address already in use)
Wed Sep 22 22:19:29 2021: --- Game Up: 4040 --- [6.66]

Wed Sep 22 22:31:04 2021: Unable to bind socket. Error: 98 (Address already in use)
Wed Sep 22 22:31:15 2021: Unable to bind socket. Error: 98 (Address already in use)
Wed Sep 22 22:31:20 2021: Unable to bind socket. Error: 98 (Address already in use)
Wed Sep 22 22:38:57 2021: --- Game Up: 4040 --- [6.66]

Wed Sep 22 22:48:53 2021: --- Game Up: 4041 --- [6.66]

Wed Sep 22 23:11:33 2021: Unable to bind socket. Error: 98 (Address already in use)
Wed Sep 22 23:11:36 2021: --- Game Up: 4042 --- [6.66]

Fri Sep 24 21:49:09 2021: --- Game Up: 4040 --- [6.66]

Fri Sep 24 21:58:48 2021: Unable to bind socket. Error: 98 (Address already in use)
Fri Sep 24 22:01:40 2021: Unable to bind socket. Error: 98 (Address already in use)
Fri Sep 24 22:02:07 2021: --- Shutdown: 4040 --- 

Fri Sep 24 22:06:13 2021: --- Game Up: 4040 --- [6.66]

Fri Sep 24 22:14:14 2021: --- Game Up: 4040 --- [6.66]

Fri Sep 24 23:24:57 2021: --- Game Up: 4040 --- [6.66]

Sat Sep 25 13:23:48 2021: --- Game Up: 4040 --- [6.66]

Sat Sep 25 13:28:25 2021: Unable to bind socket. Error: 98 (Address already in use)
Sat Sep 25 14:01:09 2021: --- Game Up: 4040 --- [6.66]

Sat Sep 25 14:05:11 2021: Unable to bind socket. Error: 98 (Address already in use)
Sat Sep 25 14:12:48 2021: --- Game Up: 4040 --- [6.66]

Sat Sep 25 14:13:18 2021: --- Game Up: 4040 --- [6.66]

Sat Sep 25 14:14:36 2021: Unable to bind socket. Error: 98 (Address already in use)
Sat Sep 25 14:14:50 2021: --- Game Up: 4041 --- [6.66]

Sat Dec  4 14:02:55 2021: --- Game Up: 4040 --- [6.66]

