Sun May 19 11:51:40 2002: Tesseract  (no_port@localhost.bpaul.com) logged on.
Sun May 19 11:52:35 2002: Tesseract executed: *shut -1
Sun May 19 11:52:36 2002: Tesseract logged off.
Sun May 19 11:54:00 2002: Tesseract  (no_port@localhost.bpaul.com) logged on.
Sun May 19 11:55:31 2002: Tesseract  (no_port@localhost.bpaul.com) logged on.
Sun May 19 11:56:43 2002: Tesseract  (no_port@localhost.bpaul.com) logged on.
Sun May 19 11:58:10 2002: Tesseract  (no_port@localhost.bpaul.com) logged on.
Sun May 19 11:59:18 2002: Tesseract  (no_port@localhost.bpaul.com) logged on.
Sun May 19 12:00:42 2002: Tesseract  (no_port@localhost.bpaul.com) logged on.
Sun May 19 12:03:11 2002: Tesseract logged off.
Sun May 19 12:10:54 2002: Tesseract  (no_port@localhost.bpaul.com) logged on.
Sun May 19 12:11:16 2002: Tesseract logged off.
Sun May 19 12:14:38 2002: Tesseract  (no_port@localhost.bpaul.com) logged on.
Sun May 19 12:16:33 2002: Tesseract executed: *shut -1
Sun May 19 12:16:34 2002: Tesseract logged off.
Sun May 19 15:26:19 2002: Tesseract  (no_port@localhost.bpaul.com) logged on.
Sun May 19 15:26:23 2002: Tesseract logged off.
Sun May 19 15:35:38 2002: Tesseract  (no_port@localhost.bpaul.com) logged on.
Sun May 19 15:35:55 2002: Tesseract logged off.
Sun May 19 16:13:55 2002: Tesseract  (no_port@localhost.bpaul.com) logged on.
Sun May 19 16:14:09 2002: Tesseract logged off.
Sun May 19 16:16:41 2002: Tesseract  (no_port@localhost.bpaul.com) logged on.
Sun May 19 16:16:45 2002: Tesseract executed: *shut -1
Sun May 19 16:16:46 2002: Tesseract logged off.
Sun Dec 12 12:01:03 2021: Tesseract  (no_port@localhost) logged on.
Sun Dec 12 12:05:23 2021: Tesseract logged off.
Sat Dec 18 14:42:22 2021: Tesseract  (no_port@localhost) logged on.
Sat Dec 18 14:42:50 2021: Tesseract logged off.
Sat Dec 18 14:42:59 2021: Tesseract  (no_port@localhost) logged on.
Sat Dec 18 14:43:07 2021: Tesseract executed: *shutdown
Sat Dec 18 14:44:08 2021: Tesseract logged off.
Sat Dec 18 14:56:35 2021: Tesseract  (no_port@localhost) logged on.
Sat Dec 18 14:58:32 2021: Tesseract logged off.
Sat Dec 18 15:15:49 2021: Tesseract  (no_port@localhost) logged on.
Sat Dec 18 15:16:57 2021: Tesseract executed: *shutdown
Sat Dec 18 15:17:58 2021: Tesseract logged off.
Sat Dec 18 15:19:16 2021: Tesseract  (no_port@localhost) logged on.
Sat Dec 18 15:20:21 2021: Tesseract  (no_port@localhost) logged on.
Sat Dec 18 15:24:57 2021: Tesseract executed: *shutdown
Sat Dec 18 15:25:58 2021: Tesseract logged off.
Sat Dec 18 15:26:27 2021: Tesseract  (no_port@localhost) logged on.
Sat Dec 18 15:26:40 2021: Tesseract executed: *shutdown
Sat Dec 18 15:27:41 2021: Tesseract logged off.
Sat Dec 18 15:28:01 2021: Tesseract  (no_port@localhost) logged on.
Sat Dec 18 15:28:42 2021: Tesseract executed: *shutdown
Sat Dec 18 15:29:43 2021: Tesseract logged off.
Sat Dec 18 15:31:04 2021: Tesseract  (no_port@localhost) logged on.
Sat Dec 18 15:31:17 2021: Tesseract executed: *shutdown
Sat Dec 18 15:32:18 2021: Tesseract logged off.
Sat Dec 18 15:35:12 2021: Tesseract  (no_port@localhost) logged on.
Sat Dec 18 15:35:43 2021: Tesseract executed: *shutdown
Sat Dec 18 15:36:44 2021: Tesseract logged off.
Sat Dec 18 15:37:36 2021: Tesseract  (no_port@localhost) logged on.
Sat Dec 18 15:37:53 2021: Tesseract executed: *shutdown
Sat Dec 18 15:39:23 2021: Tesseract logged off.
Sat Dec 18 15:39:34 2021: Tesseract  (no_port@localhost) logged on.
Sat Dec 18 15:39:49 2021: Tesseract  (no_port@localhost) logged on.
Sat Dec 18 15:42:04 2021: Tesseract  (no_port@localhost) logged on.
Sat Dec 18 15:42:49 2021: Tesseract  (no_port@localhost) logged on.
Sat Dec 18 15:44:18 2021: Tesseract  (no_port@localhost) logged on.
Sat Dec 18 15:44:49 2021: Tesseract executed: *shutdown
Sat Dec 18 15:45:50 2021: Tesseract logged off.
Sat Dec 18 15:50:52 2021: Tesseract  (no_port@localhost) logged on.
Sat Dec 18 15:51:10 2021: Tesseract executed: *shutdown
Sat Dec 18 15:52:11 2021: Tesseract logged off.
Sat Dec 18 15:53:51 2021: Tesseract  (no_port@localhost) logged on.
Sat Dec 18 15:54:40 2021: Tesseract executed: *shutdown
Sat Dec 18 15:55:41 2021: Tesseract logged off.
Sat Dec 18 15:56:05 2021: Tesseract  (no_port@localhost) logged on.
Sat Dec 18 15:57:58 2021: Tesseract executed: *shutdown
Sat Dec 18 15:59:28 2021: Tesseract logged off.
Sat Dec 18 15:59:44 2021: Tesseract  (no_port@localhost) logged on.
Sat Dec 18 16:00:23 2021: Tesseract  (no_port@localhost) logged on.
Sat Dec 18 16:03:15 2021: Tesseract  (no_port@localhost) logged on.
Sat Dec 18 16:04:11 2021: Tesseract  (no_port@localhost) logged on.
Sat Dec 18 16:04:50 2021: Tesseract  (no_port@localhost) logged on.
Sat Dec 18 16:05:36 2021: Tesseract  (no_port@localhost) logged on.
Sat Dec 18 16:06:03 2021: Tesseract  (no_port@localhost) logged on.
Sat Dec 18 16:06:16 2021: Tesseract  (no_port@localhost) logged on.
Sat Dec 18 16:07:30 2021: Tesseract  (no_port@localhost) logged on.
Sat Dec 18 16:08:38 2021: Tesseract  (no_port@localhost) logged on.
Sat Dec 18 16:12:03 2021: Tesseract  (no_port@localhost) logged on.
Sat Dec 18 16:14:09 2021: Tesseract  (no_port@localhost) logged on.
Sat Dec 18 16:19:45 2021: Tesseract  (no_port@localhost) logged on.
Sat Dec 18 17:01:06 2021: Tesseract  (no_port@localhost) logged on.
Sat Dec 18 17:03:26 2021: Tesseract  (no_port@localhost) logged on.
Sat Dec 18 17:04:06 2021: Tesseract executed: *shutdown
Sat Dec 18 17:05:07 2021: Tesseract logged off.
Sat Dec 18 17:10:03 2021: Tesseract  (no_port@localhost) logged on.
Sat Dec 18 17:16:48 2021: Tesseract  (no_port@localhost) logged on.
Sat Dec 18 17:19:07 2021: Tesseract  (no_port@localhost) logged on.
Sat Dec 18 17:20:53 2021: Tesseract  (no_port@localhost) logged on.
Sat Dec 18 17:24:08 2021: Tesseract  (no_port@localhost) logged on.
Sat Dec 18 17:28:21 2021: Tesseract  (no_port@localhost) logged on.
Sat Dec 18 17:31:11 2021: Tesseract  (no_port@localhost) logged on.
Sat Dec 18 17:32:36 2021: Tesseract  (no_port@localhost) logged on.
Sat Dec 18 17:34:20 2021: Tesseract  (no_port@localhost) logged on.
Sat Dec 18 17:34:52 2021: Tesseract executed: *shutdown
Sat Dec 18 17:35:53 2021: Tesseract logged off.
Sat Dec 18 17:37:37 2021: Tesseract  (no_port@localhost) logged on.
Sat Dec 18 17:38:32 2021: Tesseract executed: *shutdown
Sat Dec 18 17:39:33 2021: Tesseract logged off.
Sat Dec 18 17:40:46 2021: Tesseract  (no_port@localhost) logged on.
Sat Dec 18 17:42:59 2021: Tesseract  (no_port@localhost) logged on.
Sat Dec 18 17:46:20 2021: Tesseract executed: *shutdown
Sat Dec 18 17:47:21 2021: Tesseract logged off.
Sat Dec 18 17:52:48 2021: Tesseract  (no_port@localhost) logged on.
Sat Dec 18 17:54:03 2021: Tesseract executed: *shutdown
Sat Dec 18 17:55:04 2021: Tesseract logged off.
Sat Dec 18 17:56:42 2021: Tesseract  (no_port@localhost) logged on.
Sat Dec 18 17:57:56 2021: Tesseract executed: *shutdown
Sat Dec 18 17:58:57 2021: Tesseract logged off.
Sat Dec 18 18:00:11 2021: Tesseract  (no_port@localhost) logged on.
Sat Dec 18 18:02:35 2021: Tesseract executed: *shutdown
Sat Dec 18 18:03:36 2021: Tesseract logged off.
Sat Dec 18 18:03:46 2021: Tesseract  (no_port@localhost) logged on.
Sat Dec 18 18:05:45 2021: Tesseract executed: *shutdown
Sat Dec 18 18:06:03 2021: Tesseract logged off.
Tue Dec 21 10:22:46 2021: Tesseract  (no_port@localhost) logged on.
Tue Dec 21 10:23:31 2021: Tesseract executed: *shutdown
Tue Dec 21 10:24:32 2021: Tesseract logged off.
Tue Dec 21 10:31:03 2021: Tesseract  (no_port@localhost) logged on.
Tue Dec 21 10:33:42 2021: Tesseract executed: *shutdown
Tue Dec 21 10:34:43 2021: Tesseract logged off.
Tue Dec 21 10:38:32 2021: Tesseract  (no_port@localhost) logged on.
Tue Dec 21 10:40:27 2021: Tesseract executed: *shutdown
Tue Dec 21 10:41:28 2021: Tesseract logged off.
Tue Dec 21 10:43:47 2021: Tesseract  (no_port@localhost) logged on.
Tue Dec 21 10:45:34 2021: Tesseract executed: *shutdown
Tue Dec 21 10:46:35 2021: Tesseract logged off.
Tue Dec 21 10:52:23 2021: Tesseract  (no_port@localhost) logged on.
Tue Dec 21 10:56:24 2021: Tesseract executed: *shutdown
Tue Dec 21 10:57:25 2021: Tesseract logged off.
Tue Dec 21 20:33:07 2021: Tesseract  (no_port@localhost) logged on.
Tue Dec 21 20:34:45 2021: Tesseract logged off.
Sun Jan  9 14:39:31 2022: Tesseract  (no_port@localhost) logged on.
Sun Jan  9 14:42:16 2022: Tesseract executed: *shutdown
Sun Jan  9 14:43:17 2022: Tesseract logged off.
Sun Jan  9 16:04:40 2022: Tesseract  (no_port@localhost) logged on.
Sun Jan  9 16:07:21 2022: Tesseract executed: *shutdown
Sun Jan  9 16:08:22 2022: Tesseract logged off.
Sun Jan  9 16:10:04 2022: Tesseract  (no_port@localhost) logged on.
Sun Jan  9 17:14:24 2022: Tesseract  (no_port@localhost) logged on.
Sun Jan  9 17:15:55 2022: Tesseract executed: *shutdown
Sun Jan  9 17:16:56 2022: Tesseract logged off.
Sun Jan  9 17:22:31 2022: Tesseract  (no_port@localhost) logged on.
Sun Jan  9 17:25:57 2022: Tesseract executed: *shutdown
Sun Jan  9 17:26:58 2022: Tesseract logged off.
Sun Jan  9 17:28:30 2022: Tesseract  (no_port@localhost) logged on.
Sun Jan  9 17:30:03 2022: Tesseract executed: *shutdown
Sun Jan  9 17:31:04 2022: Tesseract logged off.
Sun Jan  9 17:33:54 2022: Tesseract  (no_port@localhost) logged on.
Sun Jan  9 17:38:22 2022: Tesseract executed: *shutdown
Sun Jan  9 17:39:52 2022: Tesseract logged off.
Sun Jan  9 17:54:53 2022: Tesseract  (no_port@localhost) logged on.
Sun Jan  9 18:09:58 2022: Tesseract executed: *shutdown
Sun Jan  9 18:10:59 2022: Tesseract logged off.
Sun Jan  9 20:46:08 2022: Tesseract  (no_port@localhost) logged on.
Sun Jan  9 20:56:35 2022: Tesseract executed: *shutdown
Sun Jan  9 20:57:36 2022: Tesseract logged off.
Sun Jan  9 20:59:01 2022: Tesseract  (no_port@localhost) logged on.
Sun Jan  9 21:00:58 2022: Tesseract executed: *shutdown
Sun Jan  9 21:01:59 2022: Tesseract logged off.
Sun Jan  9 21:49:33 2022: Tesseract  (no_port@localhost) logged on.
Sun Jan  9 21:51:31 2022: Tesseract executed: *shutdown
Sun Jan  9 21:52:32 2022: Tesseract logged off.
Sun Jan  9 21:55:38 2022: Tesseract  (no_port@localhost) logged on.
Sun Jan  9 21:56:56 2022: Tesseract executed: *shutdown
Sun Jan  9 21:57:57 2022: Tesseract logged off.
Sun Jan  9 21:59:23 2022: Tesseract  (no_port@localhost) logged on.
Sun Jan  9 22:00:11 2022: Tesseract executed: *shutdown
Sun Jan  9 22:01:12 2022: Tesseract logged off.
Sun Jan  9 22:01:44 2022: Tesseract  (no_port@localhost) logged on.
Sun Jan  9 22:04:16 2022: Tesseract executed: *shutdown
Sun Jan  9 22:05:17 2022: Tesseract logged off.
Sun Jan  9 22:06:10 2022: Tesseract  (no_port@localhost) logged on.
Sun Jan  9 22:07:24 2022: Tesseract executed: *shutdown
Sun Jan  9 22:08:25 2022: Tesseract logged off.
Mon Jan 10 12:24:24 2022: Tesseract  (no_port@localhost) logged on.
Mon Jan 10 12:31:12 2022: Tesseract executed: *shutdown
Mon Jan 10 12:32:13 2022: Tesseract logged off.
Mon Jan 10 12:34:19 2022: Tesseract  (no_port@localhost) logged on.
Mon Jan 10 12:37:52 2022: Tesseract executed: *shutdown
Mon Jan 10 12:38:53 2022: Tesseract logged off.
Mon Jan 10 13:15:35 2022: Tesseract  (no_port@localhost) logged on.
Mon Jan 10 13:15:58 2022: Tesseract executed: *shutdown
Mon Jan 10 13:16:59 2022: Tesseract logged off.
Mon Jan 10 13:19:36 2022: Tesseract  (no_port@localhost) logged on.
Mon Jan 10 13:22:57 2022: Tesseract executed: *shutdown
Mon Jan 10 13:23:58 2022: Tesseract logged off.
Mon Jan 10 13:25:12 2022: Tesseract  (no_port@localhost) logged on.
Tue Jan 11 14:01:57 2022: Tesseract  (no_port@localhost) logged on.
Tue Jan 11 14:04:52 2022: Tesseract  (no_port@localhost) logged on.
Tue Jan 11 14:09:23 2022: Tesseract  (no_port@localhost) logged on.
Tue Jan 11 14:11:12 2022: Tesseract  (no_port@localhost) logged on.
Tue Jan 11 14:11:43 2022: Tesseract  (no_port@localhost) logged on.
Tue Jan 11 14:19:20 2022: Tesseract  (no_port@localhost) logged on.
Tue Jan 11 14:22:48 2022: Tesseract  (no_port@localhost) logged on.
Tue Jan 11 14:24:47 2022: Tesseract executed: *shutdown
Tue Jan 11 14:25:48 2022: Tesseract logged off.
Wed Jan 12 14:09:31 2022: Tesseract  (no_port@localhost) logged on.
Wed Jan 12 14:19:30 2022: Tesseract  (no_port@localhost) logged on.
Wed Jan 12 14:27:13 2022: Tesseract  (no_port@localhost) logged on.
Wed Jan 12 14:30:50 2022: Tesseract executed: *shutdown
Wed Jan 12 14:31:51 2022: Tesseract logged off.
Wed Jan 12 14:33:05 2022: Tesseract  (no_port@localhost) logged on.
Wed Jan 12 14:34:22 2022: Tesseract executed: *shutdown
Wed Jan 12 14:35:23 2022: Tesseract logged off.
Wed Jan 12 18:45:28 2022: Tesseract  (no_port@localhost) logged on.
Wed Jan 12 18:46:31 2022: Tesseract executed: *shutdown
Wed Jan 12 18:47:32 2022: Tesseract logged off.
Wed Jan 12 21:20:40 2022: Tesseract  (no_port@localhost) logged on.
Wed Jan 12 21:21:23 2022: Tesseract executed: *shutdown
Wed Jan 12 21:22:24 2022: Tesseract logged off.
Wed Jan 12 21:23:38 2022: Tesseract  (no_port@localhost) logged on.
Wed Jan 12 21:25:42 2022: Tesseract executed: *shutdown
Wed Jan 12 21:26:43 2022: Tesseract logged off.
Wed Jan 12 21:33:05 2022: Tesseract  (no_port@localhost) logged on.
Wed Jan 12 21:41:06 2022: Tesseract executed: *shutdown
Wed Jan 12 21:42:07 2022: Tesseract logged off.
Wed Jan 12 21:43:21 2022: Tesseract  (no_port@localhost) logged on.
Wed Jan 12 21:44:05 2022: Tesseract executed: *shutdown
Wed Jan 12 21:45:06 2022: Tesseract logged off.
Wed Jan 12 21:51:20 2022: Tesseract  (no_port@localhost) logged on.
Wed Jan 12 21:52:43 2022: Tesseract executed: *shutdown
Wed Jan 12 21:53:44 2022: Tesseract logged off.
Wed Jan 12 21:54:53 2022: Tesseract  (no_port@localhost) logged on.
Wed Jan 12 21:55:02 2022: Tesseract executed: *shutdown
Wed Jan 12 21:56:03 2022: Tesseract logged off.
Wed Jan 12 21:59:15 2022: Tesseract  (no_port@localhost) logged on.
Wed Jan 12 22:06:40 2022: Tesseract executed: *shutdown
Wed Jan 12 22:07:41 2022: Tesseract logged off.
Wed Jan 12 22:11:20 2022: Tesseract  (no_port@localhost) logged on.
Wed Jan 12 22:14:29 2022: Tesseract executed: *shutdown
Wed Jan 12 22:15:30 2022: Tesseract logged off.
Wed Jan 12 22:17:18 2022: Tesseract  (no_port@localhost) logged on.
Wed Jan 12 22:18:00 2022: Tesseract executed: *shutdown
Wed Jan 12 22:19:01 2022: Tesseract logged off.
Wed Jan 12 22:19:41 2022: Tesseract  (no_port@localhost) logged on.
Wed Jan 12 22:25:25 2022: Tesseract executed: *shutdown
Wed Jan 12 22:26:26 2022: Tesseract logged off.
Wed Jan 12 22:28:07 2022: Tesseract  (no_port@localhost) logged on.
Wed Jan 12 22:32:40 2022: Tesseract executed: *shutdown
Wed Jan 12 22:33:41 2022: Tesseract logged off.
Wed Jan 12 22:35:04 2022: Tesseract  (no_port@localhost) logged on.
Wed Jan 12 22:43:00 2022: Tesseract executed: *shutdown
Wed Jan 12 22:44:01 2022: Tesseract logged off.
Wed Jan 12 22:46:24 2022: Tesseract  (no_port@localhost) logged on.
Wed Jan 12 22:47:15 2022: Tesseract executed: *shutdown
Wed Jan 12 22:48:45 2022: Tesseract logged off.
Wed Jan 12 22:50:00 2022: Tesseract  (no_port@localhost) logged on.
Thu Jan 13 10:21:18 2022: Tesseract  (no_port@localhost) logged on.
Thu Jan 13 10:27:05 2022: Tesseract executed: *shutdown
Thu Jan 13 10:28:06 2022: Tesseract logged off.
Thu Jan 13 10:29:42 2022: Tesseract  (no_port@localhost) logged on.
Thu Jan 13 10:35:01 2022: Tesseract executed: *shutdown
Thu Jan 13 10:36:02 2022: Tesseract logged off.
Thu Jan 13 10:37:29 2022: Tesseract  (no_port@localhost) logged on.
Thu Jan 13 10:38:20 2022: Tesseract executed: *shutdown
Thu Jan 13 10:39:21 2022: Tesseract logged off.
Thu Jan 13 10:40:50 2022: Tesseract  (no_port@localhost) logged on.
Thu Jan 13 10:41:52 2022: Tesseract executed: *shutdown
Thu Jan 13 10:42:53 2022: Tesseract logged off.
Thu Jan 13 10:43:24 2022: Tesseract  (no_port@localhost) logged on.
Thu Jan 13 10:44:32 2022: Tesseract executed: *shutdown
Thu Jan 13 10:45:33 2022: Tesseract logged off.
Thu Jan 13 10:47:28 2022: Tesseract  (no_port@localhost) logged on.
Thu Jan 13 10:48:39 2022: Tesseract executed: *shutdown
Thu Jan 13 10:49:40 2022: Tesseract logged off.
Thu Jan 13 10:50:31 2022: Tesseract  (no_port@localhost) logged on.
Thu Jan 13 10:53:58 2022: Tesseract executed: *shutdown
Thu Jan 13 10:54:59 2022: Tesseract logged off.
Thu Jan 13 10:55:43 2022: Tesseract  (no_port@localhost) logged on.
Thu Jan 13 10:56:26 2022: Tesseract executed: *shutdown
Thu Jan 13 10:57:27 2022: Tesseract logged off.
Thu Jan 13 10:58:54 2022: Tesseract  (no_port@localhost) logged on.
Thu Jan 13 10:59:32 2022: Tesseract executed: *shutdown
Thu Jan 13 11:00:33 2022: Tesseract logged off.
Thu Jan 13 11:06:34 2022: Tesseract  (no_port@localhost) logged on.
Thu Jan 13 11:12:14 2022: Tesseract executed: *shutdown
Thu Jan 13 11:13:15 2022: Tesseract logged off.
Thu Jan 13 11:14:59 2022: Tesseract  (no_port@localhost) logged on.
Thu Jan 13 11:26:18 2022: Tesseract executed: *shutdown
Thu Jan 13 11:27:19 2022: Tesseract logged off.
Thu Jan 13 11:28:10 2022: Tesseract  (no_port@localhost) logged on.
Thu Jan 13 11:31:56 2022: Tesseract executed: *shutdown
Thu Jan 13 11:32:57 2022: Tesseract logged off.
Thu Jan 13 14:16:06 2022: Tesseract  (no_port@localhost) logged on.
Thu Jan 13 14:19:33 2022: Tesseract executed: *shutdown
Thu Jan 13 14:20:34 2022: Tesseract logged off.
Thu Jan 13 15:01:07 2022: Tesseract  (no_port@localhost) logged on.
Thu Jan 13 15:03:12 2022: Tesseract executed: *shutdown
Thu Jan 13 15:04:13 2022: Tesseract logged off.
Thu Jan 13 15:06:03 2022: Tesseract  (no_port@localhost) logged on.
Thu Jan 13 15:07:02 2022: Tesseract executed: *shutdown
Thu Jan 13 15:08:32 2022: Tesseract logged off.
Thu Jan 13 17:42:56 2022: Tesseract  (no_port@localhost) logged on.
Thu Jan 13 17:58:24 2022: Tesseract logged off.
Thu Jan 13 20:58:53 2022: Tesseract  (no_port@localhost) logged on.
Thu Jan 13 20:58:55 2022: Tesseract executed: *shutdown
Thu Jan 13 20:59:56 2022: Tesseract logged off.
Thu Jan 13 21:01:05 2022: Tesseract  (no_port@localhost) logged on.
Thu Jan 13 21:02:26 2022: Tesseract  (no_port@localhost) logged on.
Thu Jan 13 21:07:30 2022: Tesseract  (no_port@localhost) logged on.
Thu Jan 13 21:08:16 2022: Tesseract executed: *shutdown
Thu Jan 13 21:09:17 2022: Tesseract logged off.
Thu Jan 13 21:09:43 2022: Tesseract  (no_port@localhost) logged on.
Thu Jan 13 21:17:22 2022: Tesseract executed: *shutdown
Thu Jan 13 21:18:23 2022: Tesseract logged off.
Thu Jan 13 21:18:56 2022: Tesseract  (no_port@localhost) logged on.
Thu Jan 13 21:20:32 2022: Tesseract executed: *shutdown
Thu Jan 13 21:21:33 2022: Tesseract logged off.
Thu Jan 13 21:23:26 2022: Tesseract  (no_port@localhost) logged on.
Thu Jan 13 21:24:37 2022: Tesseract executed: *shutdown
Thu Jan 13 21:25:38 2022: Tesseract logged off.
Thu Jan 13 21:27:07 2022: Tesseract  (no_port@localhost) logged on.
Thu Jan 13 21:37:47 2022: Tesseract executed: *shutdown
Thu Jan 13 21:38:48 2022: Tesseract logged off.
Thu Jan 13 21:38:58 2022: Tesseract  (no_port@localhost) logged on.
Thu Jan 13 21:42:07 2022: Tesseract executed: *shutdown
Thu Jan 13 21:43:08 2022: Tesseract logged off.
Thu Jan 13 22:07:35 2022: Tesseract  (no_port@localhost) logged on.
Thu Jan 13 22:08:32 2022: Tesseract executed: *shutdown
Thu Jan 13 22:09:33 2022: Tesseract logged off.
Thu Jan 13 22:12:06 2022: Tesseract  (no_port@localhost) logged on.
Thu Jan 13 22:12:13 2022: Tesseract executed: *shutdown
Thu Jan 13 22:13:14 2022: Tesseract logged off.
Thu Jan 13 22:14:54 2022: Tesseract  (no_port@localhost) logged on.
Thu Jan 13 22:21:23 2022: Tesseract executed: *shutdown
Thu Jan 13 22:22:24 2022: Tesseract logged off.
Thu Jan 13 22:22:54 2022: Tesseract  (no_port@localhost) logged on.
Thu Jan 13 22:33:48 2022: Tesseract logged off.
Fri Jan 14 11:45:55 2022: Tesseract  (no_port@localhost) logged on.
Fri Jan 14 12:14:45 2022: Tesseract executed: *shutdown
Fri Jan 14 12:15:46 2022: Tesseract logged off.
Fri Jan 14 12:17:16 2022: Tesseract  (no_port@localhost) logged on.
Fri Jan 14 12:20:14 2022: Tesseract logged off.
Fri Jan 14 22:01:29 2022: Tesseract  (no_port@localhost) logged on.
Fri Jan 14 22:03:36 2022: Tesseract executed: *shutdown
Fri Jan 14 22:04:37 2022: Tesseract logged off.
Fri Jan 14 22:05:50 2022: Tesseract  (no_port@localhost) logged on.
Fri Jan 14 22:07:03 2022: Tesseract executed: *shutdown
Fri Jan 14 22:08:04 2022: Tesseract logged off.
Fri Jan 14 22:13:17 2022: Tesseract  (no_port@localhost) logged on.
Fri Jan 14 22:15:48 2022: Tesseract executed: *shutdown
Fri Jan 14 22:16:49 2022: Tesseract logged off.
Fri Jan 14 23:33:25 2022: Tesseract  (no_port@localhost) logged on.
Fri Jan 14 23:34:24 2022: Tesseract  (no_port@localhost) logged on.
Fri Jan 14 23:35:43 2022: Tesseract  (no_port@localhost) logged on.
Fri Jan 14 23:45:51 2022: Tesseract  (no_port@localhost) logged on.
Fri Jan 14 23:47:07 2022: Tesseract  (no_port@localhost) logged on.
Fri Jan 14 23:48:37 2022: Tesseract  (no_port@localhost) logged on.
Fri Jan 14 23:50:43 2022: Tesseract  (no_port@localhost) logged on.
Fri Jan 14 23:53:00 2022: Tesseract  (no_port@localhost) logged on.
Fri Jan 14 23:56:28 2022: Tesseract  (no_port@localhost) logged on.
Fri Jan 14 23:58:37 2022: Tesseract  (no_port@localhost) logged on.
Sat Jan 15 00:00:53 2022: Tesseract  (no_port@localhost) logged on.
Sat Jan 15 00:03:44 2022: Tesseract  (no_port@localhost) logged on.
Sat Jan 15 00:05:57 2022: Tesseract  (no_port@localhost) logged on.
Sat Jan 15 00:10:34 2022: Tesseract  (no_port@localhost) logged on.
Sat Jan 15 00:13:21 2022: Tesseract  (no_port@localhost) logged on.
Sat Jan 15 00:15:18 2022: Tesseract  (no_port@localhost) logged on.
Sat Jan 15 00:16:24 2022: Tesseract  (no_port@localhost) logged on.
Sat Jan 15 00:17:49 2022: Tesseract  (no_port@localhost) logged on.
Sat Jan 15 00:19:06 2022: Tesseract  (no_port@localhost) logged on.
Sat Jan 15 00:20:32 2022: Tesseract  (no_port@localhost) logged on.
Sat Jan 15 00:23:31 2022: Tesseract  (no_port@localhost) logged on.
Sat Jan 15 00:25:03 2022: Tesseract  (no_port@localhost) logged on.
Sat Jan 15 00:27:35 2022: Tesseract  (no_port@localhost) logged on.
Sat Jan 15 00:30:04 2022: Tesseract  (no_port@localhost) logged on.
Sat Jan 15 00:55:32 2022: Tesseract  (no_port@localhost) logged on.
Sat Jan 15 00:58:31 2022: Tesseract  (no_port@localhost) logged on.
Sat Jan 15 01:02:23 2022: Tesseract  (no_port@localhost) logged on.
Sat Jan 15 01:04:12 2022: Tesseract executed: *shutdown
Sat Jan 15 01:05:13 2022: Tesseract logged off.
Sat Jan 15 01:08:27 2022: Tesseract  (no_port@localhost) logged on.
Sat Jan 15 01:10:13 2022: Tesseract executed: *shutdown
Sat Jan 15 01:11:14 2022: Tesseract logged off.
Sat Jan 15 01:11:51 2022: Tesseract  (no_port@localhost) logged on.
Sat Jan 15 01:14:27 2022: Tesseract executed: *shutdown
Sat Jan 15 01:15:28 2022: Tesseract logged off.
Sat Jan 15 01:15:41 2022: Tesseract  (no_port@localhost) logged on.
Sat Jan 15 01:18:46 2022: Tesseract executed: *shutdown
Sat Jan 15 01:20:16 2022: Tesseract logged off.
Sat Jan 15 23:06:48 2022: Tesseract  (no_port@localhost) logged on.
Sat Jan 15 23:14:47 2022: Tesseract executed: *shutdown
Sat Jan 15 23:15:48 2022: Tesseract logged off.
Sat Jan 15 23:16:46 2022: Tesseract  (no_port@localhost) logged on.
Sat Jan 15 23:17:14 2022: Tesseract executed: *shutdown
Sat Jan 15 23:18:15 2022: Tesseract logged off.
Sat Jan 15 23:21:24 2022: Tesseract  (no_port@localhost) logged on.
Sat Jan 15 23:22:13 2022: Tesseract executed: *shutdown
Sat Jan 15 23:23:14 2022: Tesseract logged off.
Sat Jan 15 23:25:33 2022: Tesseract  (no_port@localhost) logged on.
Sat Jan 15 23:26:42 2022: Tesseract executed: *shutdown
Sat Jan 15 23:27:43 2022: Tesseract logged off.
Sat Jan 15 23:28:23 2022: Tesseract  (no_port@localhost) logged on.
Sat Jan 15 23:30:04 2022: Tesseract executed: *shutdown
Sat Jan 15 23:31:05 2022: Tesseract logged off.
Sat Jan 15 23:32:24 2022: Tesseract  (no_port@localhost) logged on.
Sat Jan 15 23:33:07 2022: Tesseract executed: *shutdown
Sat Jan 15 23:34:08 2022: Tesseract logged off.
Sat Jan 15 23:36:32 2022: Tesseract  (no_port@localhost) logged on.
Sat Jan 15 23:37:44 2022: Tesseract executed: *shutdown
Sat Jan 15 23:38:45 2022: Tesseract logged off.
Sat Jan 15 23:40:22 2022: Tesseract  (no_port@localhost) logged on.
Sat Jan 15 23:42:40 2022: Tesseract executed: *shutdown
Sat Jan 15 23:43:41 2022: Tesseract logged off.
Sat Jan 15 23:45:06 2022: Tesseract  (no_port@localhost) logged on.
Sat Jan 15 23:46:31 2022: Tesseract executed: *shutdown
Sat Jan 15 23:48:01 2022: Tesseract logged off.
Sat Jan 15 23:48:24 2022: Tesseract  (no_port@localhost) logged on.
Sat Jan 15 23:48:57 2022: Tesseract executed: *shutdown
Sat Jan 15 23:49:58 2022: Tesseract logged off.
Sat Jan 15 23:51:01 2022: Tesseract  (no_port@localhost) logged on.
Sat Jan 15 23:58:01 2022: Tesseract executed: *shutdown
Sat Jan 15 23:59:02 2022: Tesseract logged off.
Sun Jan 16 00:10:52 2022: Tesseract  (no_port@localhost) logged on.
Sun Jan 16 00:13:18 2022: Tesseract executed: *shutdown
Sun Jan 16 00:14:19 2022: Tesseract logged off.
Sun Jan 16 00:15:32 2022: Tesseract  (no_port@localhost) logged on.
Sun Jan 16 00:20:44 2022: Tesseract executed: *shutdown
Sun Jan 16 00:21:45 2022: Tesseract logged off.
Sun Jan 16 00:22:05 2022: Tesseract  (no_port@localhost) logged on.
Sun Jan 16 00:24:07 2022: Tesseract executed: *shutdown
Sun Jan 16 00:25:08 2022: Tesseract logged off.
Mon Jan 17 21:01:43 2022: Tesseract  (no_port@localhost) logged on.
Mon Jan 17 21:07:14 2022: Tesseract executed: *shutdown
Mon Jan 17 21:08:15 2022: Tesseract logged off.
Mon Jan 17 21:09:45 2022: Tesseract  (no_port@localhost) logged on.
Mon Jan 17 21:10:07 2022: Tesseract executed: *shutdown
Mon Jan 17 21:11:08 2022: Tesseract logged off.
Mon Jan 17 21:22:07 2022: Tesseract  (no_port@localhost) logged on.
Mon Jan 17 21:26:45 2022: Tesseract executed: *shutdown
Mon Jan 17 21:27:46 2022: Tesseract logged off.
Mon Jan 17 21:30:31 2022: Tesseract  (no_port@localhost) logged on.
Mon Jan 17 21:31:38 2022: Tesseract executed: *shutdown
Mon Jan 17 21:32:39 2022: Tesseract logged off.
Mon Jan 17 21:33:08 2022: Tesseract  (no_port@localhost) logged on.
Mon Jan 17 21:37:39 2022: Tesseract executed: *shutdown
Mon Jan 17 21:38:40 2022: Tesseract logged off.
Mon Jan 17 21:39:12 2022: Tesseract  (no_port@localhost) logged on.
Mon Jan 17 21:41:27 2022: Tesseract executed: *shutdown
Mon Jan 17 21:42:28 2022: Tesseract logged off.
Thu Jan 20 18:21:36 2022: Tesseract  (no_port@localhost) logged on.
Thu Jan 20 18:22:13 2022: Tesseract executed: *shutdown
Thu Jan 20 18:23:14 2022: Tesseract logged off.
Thu Jan 20 18:26:36 2022: Tesseract  (no_port@localhost) logged on.
Thu Jan 20 18:26:38 2022: Tesseract executed: *shutdown
Thu Jan 20 18:28:08 2022: Tesseract logged off.
Thu Jan 20 18:29:30 2022: Tesseract  (no_port@localhost) logged on.
Thu Jan 20 18:38:35 2022: Tesseract executed: *shutdown
Thu Jan 20 18:40:05 2022: Tesseract logged off.
Thu Jan 20 18:53:43 2022: Tesseract  (no_port@localhost) logged on.
Thu Jan 20 18:56:16 2022: Tesseract executed: *shutdown
Thu Jan 20 18:57:17 2022: Tesseract logged off.
Thu Jan 20 19:06:00 2022: Tesseract  (no_port@localhost) logged on.
Thu Jan 20 19:08:42 2022: Tesseract executed: *shutdown
Thu Jan 20 19:09:43 2022: Tesseract logged off.
Thu Jan 20 20:58:54 2022: Tesseract  (no_port@localhost) logged on.
Thu Jan 20 20:58:57 2022: Tesseract executed: *shutdown
Thu Jan 20 20:59:58 2022: Tesseract logged off.
Thu Jan 20 21:03:32 2022: Tesseract  (no_port@localhost) logged on.
Thu Jan 20 21:03:53 2022: Tesseract executed: *shutdown
Thu Jan 20 21:05:23 2022: Tesseract logged off.
Thu Jan 20 21:12:09 2022: Tesseract  (no_port@localhost) logged on.
Thu Jan 20 21:12:56 2022: Tesseract executed: *shutdown
Thu Jan 20 21:13:57 2022: Tesseract logged off.
Thu Jan 20 21:14:20 2022: Tesseract  (no_port@localhost) logged on.
Thu Jan 20 21:14:27 2022: Tesseract executed: *shutdown
Thu Jan 20 21:15:28 2022: Tesseract logged off.
Thu Jan 20 21:17:45 2022: Tesseract  (no_port@localhost) logged on.
Thu Jan 20 21:17:48 2022: Tesseract executed: *shutdown
Thu Jan 20 21:18:49 2022: Tesseract logged off.
Thu Jan 20 21:38:38 2022: Tesseract  (no_port@localhost) logged on.
Thu Jan 20 21:38:40 2022: Tesseract executed: *shutdown
Thu Jan 20 21:39:41 2022: Tesseract logged off.
Thu Jan 20 21:42:49 2022: Tesseract  (no_port@localhost) logged on.
Thu Jan 20 21:42:52 2022: Tesseract executed: *shutdown
Thu Jan 20 21:43:53 2022: Tesseract logged off.
Thu Jan 20 21:50:15 2022: Tesseract  (no_port@localhost) logged on.
Thu Jan 20 21:51:51 2022: Tesseract executed: *shutdown
Thu Jan 20 21:52:52 2022: Tesseract logged off.
Thu Jan 20 22:08:53 2022: Tesseract  (no_port@localhost) logged on.
Thu Jan 20 22:09:00 2022: Tesseract executed: *shutdown
Thu Jan 20 22:10:01 2022: Tesseract logged off.
Thu Jan 20 22:13:18 2022: Tesseract  (no_port@localhost) logged on.
Thu Jan 20 22:13:28 2022: Tesseract executed: *shutdown
Thu Jan 20 22:14:29 2022: Tesseract logged off.
Thu Jan 20 22:35:44 2022: Tesseract  (no_port@localhost) logged on.
Thu Jan 20 22:37:41 2022: Tesseract  (no_port@localhost) logged on.
Thu Jan 20 22:45:15 2022: Tesseract  (no_port@localhost) logged on.
Thu Jan 20 22:45:18 2022: Tesseract executed: *shutdown
Thu Jan 20 22:46:19 2022: Tesseract logged off.
Thu Jan 20 22:49:14 2022: Tesseract  (no_port@localhost) logged on.
Thu Jan 20 22:49:20 2022: Tesseract executed: *shutdown
Thu Jan 20 22:50:21 2022: Tesseract logged off.
Thu Jan 20 22:53:34 2022: Tesseract  (no_port@localhost) logged on.
Thu Jan 20 22:53:36 2022: Tesseract executed: *shutdown
Thu Jan 20 22:54:37 2022: Tesseract logged off.
Fri Jan 21 11:22:40 2022: Tesseract  (no_port@localhost) logged on.
Fri Jan 21 11:22:58 2022: Tesseract executed: *shutdown
Fri Jan 21 11:23:59 2022: Tesseract logged off.
Fri Jan 21 11:30:51 2022: Tesseract  (no_port@localhost) logged on.
Fri Jan 21 11:35:03 2022: Tesseract executed: *shutdown
Fri Jan 21 11:36:04 2022: Tesseract logged off.
Fri Jan 21 11:37:36 2022: Tesseract  (no_port@localhost) logged on.
Fri Jan 21 11:38:45 2022: Tesseract executed: *shutdown
Fri Jan 21 11:39:46 2022: Tesseract logged off.
Fri Jan 21 11:41:26 2022: Tesseract  (no_port@localhost) logged on.
Fri Jan 21 11:41:36 2022: Tesseract executed: *shutdown
Fri Jan 21 11:42:37 2022: Tesseract logged off.
Fri Jan 21 17:08:21 2022: Tesseract  (no_port@localhost) logged on.
Fri Jan 21 17:10:13 2022: Tesseract executed: *shutdown
Fri Jan 21 17:11:14 2022: Tesseract logged off.
Fri Jan 21 17:12:28 2022: Tesseract  (no_port@localhost) logged on.
Fri Jan 21 17:14:17 2022: Tesseract executed: *shutdown
Fri Jan 21 17:15:18 2022: Tesseract logged off.
Fri Jan 21 17:15:38 2022: Tesseract  (no_port@localhost) logged on.
Fri Jan 21 17:17:05 2022: Tesseract executed: *shutdown
Fri Jan 21 17:18:06 2022: Tesseract logged off.
Fri Jan 21 17:18:36 2022: Tesseract  (no_port@localhost) logged on.
Fri Jan 21 17:27:02 2022: Tesseract executed: *shutdown
Fri Jan 21 17:28:03 2022: Tesseract logged off.
Fri Jan 21 17:29:36 2022: Tesseract  (no_port@localhost) logged on.
Fri Jan 21 17:30:49 2022: Tesseract executed: *shutdown
Fri Jan 21 17:31:50 2022: Tesseract logged off.
Fri Jan 21 17:31:58 2022: Tesseract  (no_port@localhost) logged on.
Fri Jan 21 17:33:47 2022: Tesseract executed: *shutdown
Fri Jan 21 17:34:48 2022: Tesseract logged off.
Fri Jan 21 17:37:20 2022: Tesseract  (no_port@localhost) logged on.
Fri Jan 21 17:39:25 2022: Tesseract executed: *shutdown
Fri Jan 21 17:40:26 2022: Tesseract logged off.
Fri Jan 21 17:41:35 2022: Tesseract  (no_port@localhost) logged on.
Fri Jan 21 17:42:32 2022: Tesseract executed: *shutdown
Fri Jan 21 17:43:33 2022: Tesseract logged off.
Fri Jan 21 17:51:34 2022: Tesseract  (no_port@localhost) logged on.
Fri Jan 21 17:52:30 2022: Tesseract executed: *shutdown
Fri Jan 21 17:53:31 2022: Tesseract logged off.
Fri Jan 21 17:54:31 2022: Tesseract  (no_port@localhost) logged on.
Fri Jan 21 17:56:49 2022: Tesseract  (no_port@localhost) logged on.
Fri Jan 21 17:59:00 2022: Tesseract executed: *shutdown
Fri Jan 21 18:00:01 2022: Tesseract logged off.
Fri Jan 21 18:03:28 2022: Tesseract  (no_port@localhost) logged on.
Fri Jan 21 18:20:30 2022: Tesseract  (no_port@localhost) logged on.
Fri Jan 21 18:25:30 2022: Tesseract executed: *shutdown
Fri Jan 21 18:26:31 2022: Tesseract logged off.
Fri Jan 21 20:54:05 2022: Tesseract  (no_port@localhost) logged on.
Fri Jan 21 20:59:22 2022: Tesseract executed: *shutdown
Fri Jan 21 21:00:23 2022: Tesseract logged off.
Fri Jan 21 21:33:36 2022: Tesseract  (no_port@localhost) logged on.
Fri Jan 21 21:39:27 2022: Tesseract executed: *shutdown
Fri Jan 21 21:40:28 2022: Tesseract logged off.
Fri Jan 21 21:48:42 2022: Tesseract  (no_port@localhost) logged on.
Fri Jan 21 21:49:03 2022: Tesseract executed: *shutdown
Fri Jan 21 21:50:04 2022: Tesseract logged off.
Fri Jan 21 21:50:44 2022: Tesseract  (no_port@localhost) logged on.
Fri Jan 21 21:54:14 2022: Tesseract executed: *shutdown
Fri Jan 21 21:55:15 2022: Tesseract logged off.
Fri Jan 21 21:57:18 2022: Tesseract  (no_port@localhost) logged on.
Fri Jan 21 21:58:38 2022: Tesseract executed: *shutdown
Fri Jan 21 21:59:39 2022: Tesseract logged off.
Fri Jan 21 22:42:58 2022: Tesseract  (no_port@localhost) logged on.
Fri Jan 21 22:59:14 2022: Tesseract executed: *shutdown
Fri Jan 21 23:00:15 2022: Tesseract logged off.
Fri Jan 21 23:03:05 2022: Tesseract  (no_port@localhost) logged on.
Fri Jan 21 23:10:26 2022: Tesseract executed: *shutdown
Fri Jan 21 23:11:27 2022: Tesseract logged off.
Fri Jan 21 23:13:06 2022: Tesseract  (no_port@localhost) logged on.
Fri Jan 21 23:14:51 2022: Tesseract executed: *shutdown
Fri Jan 21 23:15:52 2022: Tesseract logged off.
Fri Jan 21 23:21:27 2022: Tesseract  (no_port@localhost) logged on.
Fri Jan 21 23:23:12 2022: Tesseract executed: *shutdown
Fri Jan 21 23:24:13 2022: Tesseract logged off.
Fri Jan 21 23:24:44 2022: Tesseract  (no_port@localhost) logged on.
Fri Jan 21 23:32:17 2022: Tesseract executed: *shutdown
Fri Jan 21 23:33:18 2022: Tesseract logged off.
Fri Jan 21 23:34:53 2022: Tesseract  (no_port@localhost) logged on.
Fri Jan 21 23:37:52 2022: Tesseract executed: *shutdown
Fri Jan 21 23:38:53 2022: Tesseract logged off.
Sat Jan 22 12:00:03 2022: Tesseract  (no_port@localhost) logged on.
Sat Jan 22 12:06:31 2022: Tesseract executed: *shutdown
Sat Jan 22 12:07:32 2022: Tesseract logged off.
Sat Jan 22 12:33:41 2022: Tesseract  (no_port@localhost) logged on.
Sat Jan 22 12:41:25 2022: Tesseract executed: *shutdown
Sat Jan 22 12:42:26 2022: Tesseract logged off.
Sat Jan 22 12:45:39 2022: Tesseract  (no_port@localhost) logged on.
Sat Jan 22 12:49:40 2022: Tesseract executed: *shutdown
Sat Jan 22 12:50:41 2022: Tesseract logged off.
Sat Jan 22 13:09:59 2022: Tesseract  (no_port@localhost) logged on.
Sat Jan 22 13:11:11 2022: Tesseract executed: *shutdown
Sat Jan 22 13:12:12 2022: Tesseract logged off.
Sat Jan 22 13:12:28 2022: Tesseract  (no_port@localhost) logged on.
Sat Jan 22 13:15:43 2022: Tesseract executed: *shutdown
Sat Jan 22 13:16:44 2022: Tesseract logged off.
Sat Jan 22 13:17:23 2022: Tesseract  (no_port@localhost) logged on.
Sat Jan 22 13:18:29 2022: Tesseract executed: *shutdown
Sat Jan 22 13:19:30 2022: Tesseract logged off.
Sat Jan 22 13:19:52 2022: Tesseract  (no_port@localhost) logged on.
Sat Jan 22 13:20:06 2022: Tesseract executed: *shutdown
Sat Jan 22 13:21:07 2022: Tesseract logged off.
Sat Jan 22 13:21:25 2022: Tesseract  (no_port@localhost) logged on.
Sat Jan 22 13:23:12 2022: Tesseract executed: *shutdown
Sat Jan 22 13:24:13 2022: Tesseract logged off.
Mon Jan 24 19:27:12 2022: Tesseract  (no_port@localhost) logged on.
Mon Jan 24 19:28:07 2022: Tesseract executed: *shutdown
Mon Jan 24 19:29:08 2022: Tesseract logged off.
Tue Jan 25 23:10:05 2022: Tesseract  (no_port@localhost) logged on.
Tue Jan 25 23:12:45 2022: Tesseract  (no_port@localhost) logged on.
Wed Jan 26 09:09:25 2022: Tesseract  (no_port@localhost) logged on.
Wed Jan 26 09:10:20 2022: Tesseract executed: *shutdown
Wed Jan 26 09:11:21 2022: Tesseract logged off.
Wed Jan 26 09:13:07 2022: Tesseract  (no_port@localhost) logged on.
Wed Jan 26 09:13:38 2022: Tesseract executed: *shutdown
Wed Jan 26 09:14:39 2022: Tesseract logged off.
