Sun May 19 11:51:35 2002: Reducing Tablesize to match PMAX of 256
Sun May 19 11:53:53 2002: Reducing Tablesize to match PMAX of 256
Sun May 19 11:55:22 2002: Reducing Tablesize to match PMAX of 256
Sun May 19 11:56:38 2002: Reducing Tablesize to match PMAX of 256
Sun May 19 11:57:59 2002: Reducing Tablesize to match PMAX of 256
Sun May 19 11:59:11 2002: Reducing Tablesize to match PMAX of 256
Sun May 19 12:00:33 2002: Reducing Tablesize to match PMAX of 256
Sun May 19 12:00:37 2002: Reducing Tablesize to match PMAX of 256
Sun May 19 15:25:54 2002: Reducing Tablesize to match PMAX of 256
Wed Sep 22 21:15:45 2021: Reducing Tablesize to match PMAX of 256
Wed Sep 22 21:16:04 2021: Reducing Tablesize to match PMAX of 256
Wed Sep 22 21:16:13 2021: Reducing Tablesize to match PMAX of 256
Wed Sep 22 21:20:01 2021: Reducing Tablesize to match PMAX of 256
Wed Sep 22 21:20:04 2021: Reducing Tablesize to match PMAX of 256
Wed Sep 22 21:20:07 2021: Reducing Tablesize to match PMAX of 256
Wed Sep 22 21:21:54 2021: Reducing Tablesize to match PMAX of 256
Wed Sep 22 21:22:04 2021: Reducing Tablesize to match PMAX of 256
Wed Sep 22 21:22:08 2021: Reducing Tablesize to match PMAX of 256
Wed Sep 22 21:22:09 2021: Reducing Tablesize to match PMAX of 256
Wed Sep 22 21:22:13 2021: Reducing Tablesize to match PMAX of 256
Wed Sep 22 21:23:56 2021: Reducing Tablesize to match PMAX of 256
Wed Sep 22 21:26:13 2021: Reducing Tablesize to match PMAX of 256
Wed Sep 22 21:26:16 2021: Reducing Tablesize to match PMAX of 256
Wed Sep 22 21:26:18 2021: Reducing Tablesize to match PMAX of 256
Wed Sep 22 21:28:55 2021: Reducing Tablesize to match PMAX of 256
Wed Sep 22 21:29:29 2021: Reducing Tablesize to match PMAX of 256
Wed Sep 22 21:29:31 2021: Reducing Tablesize to match PMAX of 256
Wed Sep 22 21:31:19 2021: Reducing Tablesize to match PMAX of 256
Wed Sep 22 21:31:27 2021: Reducing Tablesize to match PMAX of 256
Wed Sep 22 21:32:04 2021: Reducing Tablesize to match PMAX of 256
Wed Sep 22 21:33:18 2021: Reducing Tablesize to match PMAX of 256
Wed Sep 22 21:33:34 2021: Reducing Tablesize to match PMAX of 256
Wed Sep 22 21:38:13 2021: Reducing Tablesize to match PMAX of 256
Wed Sep 22 21:38:18 2021: Reducing Tablesize to match PMAX of 256
Wed Sep 22 21:41:01 2021: Reducing Tablesize to match PMAX of 256
Wed Sep 22 21:48:20 2021: Reducing Tablesize to match PMAX of 256
Wed Sep 22 21:48:23 2021: Reducing Tablesize to match PMAX of 256
Wed Sep 22 21:48:28 2021: Reducing Tablesize to match PMAX of 256
Wed Sep 22 21:50:41 2021: Reducing Tablesize to match PMAX of 256
Wed Sep 22 22:16:53 2021: Reducing Tablesize to match PMAX of 256
Wed Sep 22 22:19:29 2021: Reducing Tablesize to match PMAX of 256
Wed Sep 22 22:31:04 2021: Reducing Tablesize to match PMAX of 256
Wed Sep 22 22:31:15 2021: Reducing Tablesize to match PMAX of 256
Wed Sep 22 22:31:20 2021: Reducing Tablesize to match PMAX of 256
Wed Sep 22 22:38:57 2021: Reducing Tablesize to match PMAX of 256
Wed Sep 22 22:48:53 2021: Reducing Tablesize to match PMAX of 256
Wed Sep 22 23:11:33 2021: Reducing Tablesize to match PMAX of 256
Wed Sep 22 23:11:36 2021: Reducing Tablesize to match PMAX of 256
Fri Sep 24 21:49:09 2021: Reducing Tablesize to match PMAX of 256
Fri Sep 24 21:58:48 2021: Reducing Tablesize to match PMAX of 256
Fri Sep 24 22:01:40 2021: Reducing Tablesize to match PMAX of 256
Fri Sep 24 22:06:13 2021: Reducing Tablesize to match PMAX of 256
Fri Sep 24 22:14:14 2021: Reducing Tablesize to match PMAX of 256
Fri Sep 24 23:24:57 2021: Reducing Tablesize to match PMAX of 256
Sat Sep 25 13:23:48 2021: Reducing Tablesize to match PMAX of 256
Sat Sep 25 13:28:25 2021: Reducing Tablesize to match PMAX of 256
Sat Sep 25 14:01:09 2021: Reducing Tablesize to match PMAX of 256
Sat Sep 25 14:05:11 2021: Reducing Tablesize to match PMAX of 256
Sat Sep 25 14:12:48 2021: Reducing Tablesize to match PMAX of 256
Sat Sep 25 14:13:18 2021: Reducing Tablesize to match PMAX of 256
Sat Sep 25 14:14:36 2021: Reducing Tablesize to match PMAX of 256
Sat Sep 25 14:14:50 2021: Reducing Tablesize to match PMAX of 256
Sat Dec  4 14:02:55 2021: Reducing Tablesize to match PMAX of 256
Sun Dec 12 12:00:42 2021: Reducing Tablesize to match PMAX of 256
Sat Dec 18 14:42:06 2021: Reducing Tablesize to match PMAX of 256
Sat Dec 18 14:56:12 2021: Reducing Tablesize to match PMAX of 256
Sat Dec 18 15:02:53 2021: Reducing Tablesize to match PMAX of 256
Sat Dec 18 15:02:55 2021: Reducing Tablesize to match PMAX of 256
Sat Dec 18 15:15:38 2021: Reducing Tablesize to match PMAX of 256
Sat Dec 18 15:18:37 2021: Reducing Tablesize to match PMAX of 256
Sat Dec 18 15:18:41 2021: Reducing Tablesize to match PMAX of 256
Sat Dec 18 15:18:43 2021: Reducing Tablesize to match PMAX of 256
Sat Dec 18 15:20:07 2021: Reducing Tablesize to match PMAX of 256
Sat Dec 18 15:20:09 2021: Reducing Tablesize to match PMAX of 256
Sat Dec 18 15:26:19 2021: Reducing Tablesize to match PMAX of 256
Sat Dec 18 15:27:53 2021: Reducing Tablesize to match PMAX of 256
Sat Dec 18 15:30:58 2021: Reducing Tablesize to match PMAX of 256
Sat Dec 18 15:35:04 2021: Reducing Tablesize to match PMAX of 256
Sat Dec 18 15:37:31 2021: Reducing Tablesize to match PMAX of 256
Sat Dec 18 15:39:28 2021: Reducing Tablesize to match PMAX of 256
Sat Dec 18 15:39:39 2021: Reducing Tablesize to match PMAX of 256
Sat Dec 18 15:41:59 2021: Reducing Tablesize to match PMAX of 256
Sat Dec 18 15:42:31 2021: Reducing Tablesize to match PMAX of 256
Sat Dec 18 15:42:37 2021: Reducing Tablesize to match PMAX of 256
Sat Dec 18 15:44:10 2021: Reducing Tablesize to match PMAX of 256
Sat Dec 18 15:50:41 2021: Reducing Tablesize to match PMAX of 256
Sat Dec 18 15:53:45 2021: Reducing Tablesize to match PMAX of 256
Sat Dec 18 15:55:50 2021: Reducing Tablesize to match PMAX of 256
Sat Dec 18 15:55:51 2021: Reducing Tablesize to match PMAX of 256
Sat Dec 18 15:59:39 2021: Reducing Tablesize to match PMAX of 256
Sat Dec 18 16:00:18 2021: Reducing Tablesize to match PMAX of 256
Sat Dec 18 16:03:08 2021: Reducing Tablesize to match PMAX of 256
Sat Dec 18 16:04:06 2021: Reducing Tablesize to match PMAX of 256
Sat Dec 18 16:04:42 2021: Reducing Tablesize to match PMAX of 256
Sat Dec 18 16:05:18 2021: Reducing Tablesize to match PMAX of 256
Sat Dec 18 16:05:20 2021: Reducing Tablesize to match PMAX of 256
Sat Dec 18 16:05:30 2021: Reducing Tablesize to match PMAX of 256
Sat Dec 18 16:05:59 2021: Reducing Tablesize to match PMAX of 256
Sat Dec 18 16:06:10 2021: Reducing Tablesize to match PMAX of 256
Sat Dec 18 16:07:26 2021: Reducing Tablesize to match PMAX of 256
Sat Dec 18 16:08:29 2021: Reducing Tablesize to match PMAX of 256
Sat Dec 18 16:11:55 2021: Reducing Tablesize to match PMAX of 256
Sat Dec 18 16:14:01 2021: Reducing Tablesize to match PMAX of 256
Sat Dec 18 16:19:38 2021: Reducing Tablesize to match PMAX of 256
Sat Dec 18 17:00:58 2021: Reducing Tablesize to match PMAX of 256
Sat Dec 18 17:03:17 2021: Reducing Tablesize to match PMAX of 256
Sat Dec 18 17:09:53 2021: Reducing Tablesize to match PMAX of 256
Sat Dec 18 17:16:40 2021: Reducing Tablesize to match PMAX of 256
Sat Dec 18 17:17:48 2021: Reducing Tablesize to match PMAX of 256
Sat Dec 18 17:17:50 2021: Reducing Tablesize to match PMAX of 256
Sat Dec 18 17:20:48 2021: Reducing Tablesize to match PMAX of 256
Sat Dec 18 17:23:57 2021: Reducing Tablesize to match PMAX of 256
Sat Dec 18 17:28:07 2021: Reducing Tablesize to match PMAX of 256
Sat Dec 18 17:31:04 2021: Reducing Tablesize to match PMAX of 256
Sat Dec 18 17:32:31 2021: Reducing Tablesize to match PMAX of 256
Sat Dec 18 17:34:15 2021: Reducing Tablesize to match PMAX of 256
Sat Dec 18 17:37:30 2021: Reducing Tablesize to match PMAX of 256
Sat Dec 18 17:39:58 2021: Reducing Tablesize to match PMAX of 256
Sat Dec 18 17:40:00 2021: Reducing Tablesize to match PMAX of 256
Sat Dec 18 17:40:01 2021: Reducing Tablesize to match PMAX of 256
Sat Dec 18 17:40:02 2021: Reducing Tablesize to match PMAX of 256
Sat Dec 18 17:40:03 2021: Reducing Tablesize to match PMAX of 256
Sat Dec 18 17:42:53 2021: Reducing Tablesize to match PMAX of 256
Sat Dec 18 17:52:42 2021: Reducing Tablesize to match PMAX of 256
Sat Dec 18 17:56:37 2021: Reducing Tablesize to match PMAX of 256
Sat Dec 18 17:59:40 2021: Reducing Tablesize to match PMAX of 256
Sat Dec 18 17:59:42 2021: Reducing Tablesize to match PMAX of 256
Sat Dec 18 18:03:40 2021: Reducing Tablesize to match PMAX of 256
Tue Dec 21 10:22:37 2021: Reducing Tablesize to match PMAX of 256
Tue Dec 21 10:30:57 2021: Reducing Tablesize to match PMAX of 256
Tue Dec 21 10:38:25 2021: Reducing Tablesize to match PMAX of 256
Tue Dec 21 10:43:33 2021: Reducing Tablesize to match PMAX of 256
Tue Dec 21 10:52:18 2021: Reducing Tablesize to match PMAX of 256
Tue Dec 21 20:32:57 2021: Reducing Tablesize to match PMAX of 256
Sun Jan  9 14:39:17 2022: Reducing Tablesize to match PMAX of 256
Sun Jan  9 16:04:31 2022: Reducing Tablesize to match PMAX of 256
Sun Jan  9 16:09:57 2022: Reducing Tablesize to match PMAX of 256
Sun Jan  9 17:14:13 2022: Reducing Tablesize to match PMAX of 256
Sun Jan  9 17:22:23 2022: Reducing Tablesize to match PMAX of 256
Sun Jan  9 17:27:44 2022: Reducing Tablesize to match PMAX of 256
Sun Jan  9 17:27:47 2022: Reducing Tablesize to match PMAX of 256
Sun Jan  9 17:33:47 2022: Reducing Tablesize to match PMAX of 256
Sun Jan  9 17:54:42 2022: Reducing Tablesize to match PMAX of 256
Sun Jan  9 20:45:59 2022: Reducing Tablesize to match PMAX of 256
Sun Jan  9 20:57:42 2022: Reducing Tablesize to match PMAX of 256
Sun Jan  9 20:57:43 2022: Reducing Tablesize to match PMAX of 256
Sun Jan  9 21:49:25 2022: Reducing Tablesize to match PMAX of 256
Sun Jan  9 21:55:31 2022: Reducing Tablesize to match PMAX of 256
Sun Jan  9 21:58:47 2022: Reducing Tablesize to match PMAX of 256
Sun Jan  9 21:58:49 2022: Reducing Tablesize to match PMAX of 256
Sun Jan  9 22:01:32 2022: Reducing Tablesize to match PMAX of 256
Sun Jan  9 22:01:35 2022: Reducing Tablesize to match PMAX of 256
Sun Jan  9 22:06:04 2022: Reducing Tablesize to match PMAX of 256
Mon Jan 10 12:24:16 2022: Reducing Tablesize to match PMAX of 256
Mon Jan 10 12:34:13 2022: Reducing Tablesize to match PMAX of 256
Mon Jan 10 13:15:28 2022: Reducing Tablesize to match PMAX of 256
Mon Jan 10 13:19:29 2022: Reducing Tablesize to match PMAX of 256
Mon Jan 10 13:24:12 2022: Reducing Tablesize to match PMAX of 256
Tue Jan 11 14:01:49 2022: Reducing Tablesize to match PMAX of 256
Tue Jan 11 14:04:07 2022: Reducing Tablesize to match PMAX of 256
Tue Jan 11 14:04:10 2022: Reducing Tablesize to match PMAX of 256
Tue Jan 11 14:09:17 2022: Reducing Tablesize to match PMAX of 256
Tue Jan 11 14:10:13 2022: Reducing Tablesize to match PMAX of 256
Tue Jan 11 14:10:15 2022: Reducing Tablesize to match PMAX of 256
Tue Jan 11 14:11:37 2022: Reducing Tablesize to match PMAX of 256
Tue Jan 11 14:19:07 2022: Reducing Tablesize to match PMAX of 256
Tue Jan 11 14:22:42 2022: Reducing Tablesize to match PMAX of 256
Wed Jan 12 14:09:10 2022: Reducing Tablesize to match PMAX of 256
Wed Jan 12 14:18:37 2022: Reducing Tablesize to match PMAX of 256
Wed Jan 12 14:18:39 2022: Reducing Tablesize to match PMAX of 256
Wed Jan 12 14:27:05 2022: Reducing Tablesize to match PMAX of 256
Wed Jan 12 14:31:59 2022: Reducing Tablesize to match PMAX of 256
Wed Jan 12 14:32:02 2022: Reducing Tablesize to match PMAX of 256
Wed Jan 12 18:45:18 2022: Reducing Tablesize to match PMAX of 256
Wed Jan 12 21:20:34 2022: Reducing Tablesize to match PMAX of 256
Wed Jan 12 21:23:15 2022: Reducing Tablesize to match PMAX of 256
Wed Jan 12 21:23:18 2022: Reducing Tablesize to match PMAX of 256
Wed Jan 12 21:27:16 2022: Reducing Tablesize to match PMAX of 256
Wed Jan 12 21:32:58 2022: Reducing Tablesize to match PMAX of 256
Wed Jan 12 21:42:54 2022: Reducing Tablesize to match PMAX of 256
Wed Jan 12 21:42:57 2022: Reducing Tablesize to match PMAX of 256
Wed Jan 12 21:51:11 2022: Reducing Tablesize to match PMAX of 256
Wed Jan 12 21:54:15 2022: Reducing Tablesize to match PMAX of 256
Wed Jan 12 21:59:04 2022: Reducing Tablesize to match PMAX of 256
Wed Jan 12 22:11:12 2022: Reducing Tablesize to match PMAX of 256
Wed Jan 12 22:15:38 2022: Reducing Tablesize to match PMAX of 256
Wed Jan 12 22:15:41 2022: Reducing Tablesize to match PMAX of 256
Wed Jan 12 22:19:34 2022: Reducing Tablesize to match PMAX of 256
Wed Jan 12 22:28:00 2022: Reducing Tablesize to match PMAX of 256
Wed Jan 12 22:34:56 2022: Reducing Tablesize to match PMAX of 256
Wed Jan 12 22:46:12 2022: Reducing Tablesize to match PMAX of 256
Wed Jan 12 22:48:55 2022: Reducing Tablesize to match PMAX of 256
Wed Jan 12 22:48:59 2022: Reducing Tablesize to match PMAX of 256
Thu Jan 13 10:21:12 2022: Reducing Tablesize to match PMAX of 256
Thu Jan 13 10:28:51 2022: Reducing Tablesize to match PMAX of 256
Thu Jan 13 10:37:23 2022: Reducing Tablesize to match PMAX of 256
Thu Jan 13 10:40:44 2022: Reducing Tablesize to match PMAX of 256
Thu Jan 13 10:43:17 2022: Reducing Tablesize to match PMAX of 256
Thu Jan 13 10:47:22 2022: Reducing Tablesize to match PMAX of 256
Thu Jan 13 10:50:26 2022: Reducing Tablesize to match PMAX of 256
Thu Jan 13 10:55:36 2022: Reducing Tablesize to match PMAX of 256
Thu Jan 13 10:58:48 2022: Reducing Tablesize to match PMAX of 256
Thu Jan 13 11:06:28 2022: Reducing Tablesize to match PMAX of 256
Thu Jan 13 11:14:53 2022: Reducing Tablesize to match PMAX of 256
Thu Jan 13 11:28:03 2022: Reducing Tablesize to match PMAX of 256
Thu Jan 13 14:16:00 2022: Reducing Tablesize to match PMAX of 256
Thu Jan 13 15:00:34 2022: Reducing Tablesize to match PMAX of 256
Thu Jan 13 15:05:53 2022: Reducing Tablesize to match PMAX of 256
Thu Jan 13 17:42:49 2022: Reducing Tablesize to match PMAX of 256
Thu Jan 13 20:58:35 2022: Reducing Tablesize to match PMAX of 256
Thu Jan 13 21:00:40 2022: Reducing Tablesize to match PMAX of 256
Thu Jan 13 21:00:42 2022: Reducing Tablesize to match PMAX of 256
Thu Jan 13 21:02:19 2022: Reducing Tablesize to match PMAX of 256
Thu Jan 13 21:07:25 2022: Reducing Tablesize to match PMAX of 256
Thu Jan 13 21:09:37 2022: Reducing Tablesize to match PMAX of 256
Thu Jan 13 21:18:51 2022: Reducing Tablesize to match PMAX of 256
Thu Jan 13 21:23:20 2022: Reducing Tablesize to match PMAX of 256
Thu Jan 13 21:27:03 2022: Reducing Tablesize to match PMAX of 256
Thu Jan 13 21:38:54 2022: Reducing Tablesize to match PMAX of 256
Thu Jan 13 22:07:29 2022: Reducing Tablesize to match PMAX of 256
Thu Jan 13 22:11:58 2022: Reducing Tablesize to match PMAX of 256
Thu Jan 13 22:14:41 2022: Reducing Tablesize to match PMAX of 256
Thu Jan 13 22:22:48 2022: Reducing Tablesize to match PMAX of 256
Fri Jan 14 11:45:45 2022: Reducing Tablesize to match PMAX of 256
Fri Jan 14 12:15:53 2022: Reducing Tablesize to match PMAX of 256
Fri Jan 14 22:01:22 2022: Reducing Tablesize to match PMAX of 256
Fri Jan 14 22:05:43 2022: Reducing Tablesize to match PMAX of 256
Fri Jan 14 22:13:13 2022: Reducing Tablesize to match PMAX of 256
Fri Jan 14 23:33:19 2022: Reducing Tablesize to match PMAX of 256
Fri Jan 14 23:34:16 2022: Reducing Tablesize to match PMAX of 256
Fri Jan 14 23:34:18 2022: Reducing Tablesize to match PMAX of 256
Fri Jan 14 23:35:36 2022: Reducing Tablesize to match PMAX of 256
Fri Jan 14 23:45:45 2022: Reducing Tablesize to match PMAX of 256
Fri Jan 14 23:46:58 2022: Reducing Tablesize to match PMAX of 256
Fri Jan 14 23:48:33 2022: Reducing Tablesize to match PMAX of 256
Fri Jan 14 23:50:38 2022: Reducing Tablesize to match PMAX of 256
Fri Jan 14 23:52:49 2022: Reducing Tablesize to match PMAX of 256
Fri Jan 14 23:56:24 2022: Reducing Tablesize to match PMAX of 256
Fri Jan 14 23:58:30 2022: Reducing Tablesize to match PMAX of 256
Sat Jan 15 00:00:47 2022: Reducing Tablesize to match PMAX of 256
Sat Jan 15 00:03:39 2022: Reducing Tablesize to match PMAX of 256
Sat Jan 15 00:05:52 2022: Reducing Tablesize to match PMAX of 256
Sat Jan 15 00:10:30 2022: Reducing Tablesize to match PMAX of 256
Sat Jan 15 00:13:14 2022: Reducing Tablesize to match PMAX of 256
Sat Jan 15 00:15:14 2022: Reducing Tablesize to match PMAX of 256
Sat Jan 15 00:16:18 2022: Reducing Tablesize to match PMAX of 256
Sat Jan 15 00:17:44 2022: Reducing Tablesize to match PMAX of 256
Sat Jan 15 00:19:00 2022: Reducing Tablesize to match PMAX of 256
Sat Jan 15 00:20:27 2022: Reducing Tablesize to match PMAX of 256
Sat Jan 15 00:23:26 2022: Reducing Tablesize to match PMAX of 256
Sat Jan 15 00:24:57 2022: Reducing Tablesize to match PMAX of 256
Sat Jan 15 00:27:21 2022: Reducing Tablesize to match PMAX of 256
Sat Jan 15 00:29:57 2022: Reducing Tablesize to match PMAX of 256
Sat Jan 15 00:55:21 2022: Reducing Tablesize to match PMAX of 256
Sat Jan 15 00:58:24 2022: Reducing Tablesize to match PMAX of 256
Sat Jan 15 01:02:19 2022: Reducing Tablesize to match PMAX of 256
Sat Jan 15 01:08:08 2022: Reducing Tablesize to match PMAX of 256
Sat Jan 15 01:11:46 2022: Reducing Tablesize to match PMAX of 256
Sat Jan 15 01:15:35 2022: Reducing Tablesize to match PMAX of 256
Sat Jan 15 23:06:41 2022: Reducing Tablesize to match PMAX of 256
Sat Jan 15 23:16:41 2022: Reducing Tablesize to match PMAX of 256
Sat Jan 15 23:21:20 2022: Reducing Tablesize to match PMAX of 256
Sat Jan 15 23:25:28 2022: Reducing Tablesize to match PMAX of 256
Sat Jan 15 23:28:18 2022: Reducing Tablesize to match PMAX of 256
Sat Jan 15 23:32:19 2022: Reducing Tablesize to match PMAX of 256
Sat Jan 15 23:36:27 2022: Reducing Tablesize to match PMAX of 256
Sat Jan 15 23:40:17 2022: Reducing Tablesize to match PMAX of 256
Sat Jan 15 23:45:01 2022: Reducing Tablesize to match PMAX of 256
Sat Jan 15 23:48:17 2022: Reducing Tablesize to match PMAX of 256
Sat Jan 15 23:50:49 2022: Reducing Tablesize to match PMAX of 256
Sat Jan 15 23:59:07 2022: Reducing Tablesize to match PMAX of 256
Sat Jan 15 23:59:13 2022: Reducing Tablesize to match PMAX of 256
Sun Jan 16 00:02:47 2022: Reducing Tablesize to match PMAX of 256
Sun Jan 16 00:02:52 2022: Reducing Tablesize to match PMAX of 256
Sun Jan 16 00:10:44 2022: Reducing Tablesize to match PMAX of 256
Sun Jan 16 00:15:00 2022: Reducing Tablesize to match PMAX of 256
Sun Jan 16 00:21:59 2022: Reducing Tablesize to match PMAX of 256
Mon Jan 17 21:01:35 2022: Reducing Tablesize to match PMAX of 256
Mon Jan 17 21:09:41 2022: Reducing Tablesize to match PMAX of 256
Mon Jan 17 21:21:53 2022: Reducing Tablesize to match PMAX of 256
Mon Jan 17 21:30:26 2022: Reducing Tablesize to match PMAX of 256
Mon Jan 17 21:33:04 2022: Reducing Tablesize to match PMAX of 256
Mon Jan 17 21:39:00 2022: Reducing Tablesize to match PMAX of 256
Thu Jan 20 18:21:27 2022: Reducing Tablesize to match PMAX of 256
Thu Jan 20 18:26:23 2022: Reducing Tablesize to match PMAX of 256
Thu Jan 20 18:29:25 2022: Reducing Tablesize to match PMAX of 256
Thu Jan 20 18:53:37 2022: Reducing Tablesize to match PMAX of 256
Thu Jan 20 19:05:56 2022: Reducing Tablesize to match PMAX of 256
Thu Jan 20 20:56:58 2022: Reducing Tablesize to match PMAX of 256
Thu Jan 20 21:02:11 2022: Reducing Tablesize to match PMAX of 256
Thu Jan 20 21:12:04 2022: Reducing Tablesize to match PMAX of 256
Thu Jan 20 21:14:09 2022: Reducing Tablesize to match PMAX of 256
Thu Jan 20 21:15:33 2022: Reducing Tablesize to match PMAX of 256
Thu Jan 20 21:29:09 2022: Reducing Tablesize to match PMAX of 256
Thu Jan 20 21:42:14 2022: Reducing Tablesize to match PMAX of 256
Thu Jan 20 21:50:06 2022: Reducing Tablesize to match PMAX of 256
Thu Jan 20 22:05:14 2022: Reducing Tablesize to match PMAX of 256
Thu Jan 20 22:10:07 2022: Reducing Tablesize to match PMAX of 256
Thu Jan 20 22:35:18 2022: Reducing Tablesize to match PMAX of 256
Thu Jan 20 22:35:40 2022: Reducing Tablesize to match PMAX of 256
Thu Jan 20 22:37:15 2022: Reducing Tablesize to match PMAX of 256
Thu Jan 20 22:37:24 2022: Reducing Tablesize to match PMAX of 256
Thu Jan 20 22:38:39 2022: Reducing Tablesize to match PMAX of 256
Thu Jan 20 22:46:33 2022: Reducing Tablesize to match PMAX of 256
Thu Jan 20 22:53:07 2022: Reducing Tablesize to match PMAX of 256
Fri Jan 21 11:22:35 2022: Reducing Tablesize to match PMAX of 256
Fri Jan 21 11:30:47 2022: Reducing Tablesize to match PMAX of 256
Fri Jan 21 11:37:31 2022: Reducing Tablesize to match PMAX of 256
Fri Jan 21 11:41:11 2022: Reducing Tablesize to match PMAX of 256
Fri Jan 21 17:08:15 2022: Reducing Tablesize to match PMAX of 256
Fri Jan 21 17:12:24 2022: Reducing Tablesize to match PMAX of 256
Fri Jan 21 17:15:34 2022: Reducing Tablesize to match PMAX of 256
Fri Jan 21 17:18:28 2022: Reducing Tablesize to match PMAX of 256
Fri Jan 21 17:29:31 2022: Reducing Tablesize to match PMAX of 256
Fri Jan 21 17:31:54 2022: Reducing Tablesize to match PMAX of 256
Fri Jan 21 17:37:16 2022: Reducing Tablesize to match PMAX of 256
Fri Jan 21 17:41:26 2022: Reducing Tablesize to match PMAX of 256
Fri Jan 21 17:51:30 2022: Reducing Tablesize to match PMAX of 256
Fri Jan 21 17:54:21 2022: Reducing Tablesize to match PMAX of 256
Fri Jan 21 17:56:43 2022: Reducing Tablesize to match PMAX of 256
Fri Jan 21 18:03:12 2022: Reducing Tablesize to match PMAX of 256
Fri Jan 21 18:20:26 2022: Reducing Tablesize to match PMAX of 256
Fri Jan 21 20:53:57 2022: Reducing Tablesize to match PMAX of 256
Fri Jan 21 21:33:30 2022: Reducing Tablesize to match PMAX of 256
Fri Jan 21 21:48:31 2022: Reducing Tablesize to match PMAX of 256
Fri Jan 21 21:50:39 2022: Reducing Tablesize to match PMAX of 256
Fri Jan 21 21:57:12 2022: Reducing Tablesize to match PMAX of 256
Fri Jan 21 22:42:50 2022: Reducing Tablesize to match PMAX of 256
Fri Jan 21 23:02:58 2022: Reducing Tablesize to match PMAX of 256
Fri Jan 21 23:13:01 2022: Reducing Tablesize to match PMAX of 256
Fri Jan 21 23:21:21 2022: Reducing Tablesize to match PMAX of 256
Fri Jan 21 23:24:37 2022: Reducing Tablesize to match PMAX of 256
Fri Jan 21 23:34:48 2022: Reducing Tablesize to match PMAX of 256
Sat Jan 22 11:59:55 2022: Reducing Tablesize to match PMAX of 256
Sat Jan 22 12:33:33 2022: Reducing Tablesize to match PMAX of 256
Sat Jan 22 12:45:34 2022: Reducing Tablesize to match PMAX of 256
Sat Jan 22 13:09:55 2022: Reducing Tablesize to match PMAX of 256
Sat Jan 22 13:12:21 2022: Reducing Tablesize to match PMAX of 256
Sat Jan 22 13:17:17 2022: Reducing Tablesize to match PMAX of 256
Sat Jan 22 13:19:48 2022: Reducing Tablesize to match PMAX of 256
Sat Jan 22 13:21:20 2022: Reducing Tablesize to match PMAX of 256
Mon Jan 24 19:27:06 2022: Reducing Tablesize to match PMAX of 256
Tue Jan 25 23:09:58 2022: Reducing Tablesize to match PMAX of 256
Tue Jan 25 23:10:19 2022: Reducing Tablesize to match PMAX of 256
Tue Jan 25 23:10:23 2022: Reducing Tablesize to match PMAX of 256
Wed Jan 26 09:09:15 2022: Reducing Tablesize to match PMAX of 256
Wed Jan 26 18:12:43 2022: Reducing Tablesize to match PMAX of 256
Wed Jan 26 21:55:21 2022: Reducing Tablesize to match PMAX of 256
Thu Jan 27 10:29:47 2022: Reducing Tablesize to match PMAX of 256
Thu Jan 27 11:40:32 2022: Reducing Tablesize to match PMAX of 256
Thu Jan 27 12:08:37 2022: Reducing Tablesize to match PMAX of 256
Thu Jan 27 12:11:42 2022: Reducing Tablesize to match PMAX of 256
Thu Jan 27 12:21:19 2022: Reducing Tablesize to match PMAX of 256
Sat Jan 29 11:16:18 2022: Reducing Tablesize to match PMAX of 256
Sat Jan 29 11:23:51 2022: Reducing Tablesize to match PMAX of 256
Sat Jan 29 11:37:32 2022: Reducing Tablesize to match PMAX of 256
Sat Jan 29 11:41:42 2022: Reducing Tablesize to match PMAX of 256
Fri Feb  4 17:25:04 2022: Reducing Tablesize to match PMAX of 256
Sat Feb  5 10:14:22 2022: Reducing Tablesize to match PMAX of 256
Sat Feb 19 09:52:15 2022: Reducing Tablesize to match PMAX of 256
Sun Feb 20 16:36:45 2022: Reducing Tablesize to match PMAX of 256
Sun Feb 20 16:46:54 2022: Reducing Tablesize to match PMAX of 256
Mon Feb 21 19:12:24 2022: Reducing Tablesize to match PMAX of 256
Mon Feb 21 19:22:12 2022: Reducing Tablesize to match PMAX of 256
Mon Feb 21 19:22:14 2022: Reducing Tablesize to match PMAX of 256
Mon Feb 21 19:25:54 2022: Reducing Tablesize to match PMAX of 256
Mon Feb 21 19:33:54 2022: Reducing Tablesize to match PMAX of 256
Mon Feb 21 19:39:56 2022: Reducing Tablesize to match PMAX of 256
Tue Feb 22 19:40:39 2022: Reducing Tablesize to match PMAX of 256
Thu Mar  3 16:09:54 2022: Reducing Tablesize to match PMAX of 256
Thu Mar  3 16:15:35 2022: Reducing Tablesize to match PMAX of 256
Thu Mar  3 16:27:52 2022: Reducing Tablesize to match PMAX of 256
Thu Mar  3 16:29:45 2022: Reducing Tablesize to match PMAX of 256
Thu Mar  3 16:37:06 2022: Reducing Tablesize to match PMAX of 256
Thu Mar  3 16:39:21 2022: Reducing Tablesize to match PMAX of 256
Thu Mar 24 16:46:40 2022: Reducing Tablesize to match PMAX of 256
Thu Mar 24 21:30:20 2022: Reducing Tablesize to match PMAX of 256
Thu Mar 24 21:37:29 2022: Reducing Tablesize to match PMAX of 256
Thu Mar 24 21:58:47 2022: Reducing Tablesize to match PMAX of 256
Fri Mar 25 20:57:22 2022: Reducing Tablesize to match PMAX of 256
Fri Mar 25 21:03:44 2022: Reducing Tablesize to match PMAX of 256
Fri Mar 25 21:10:38 2022: Reducing Tablesize to match PMAX of 256
Sat Mar 26 09:42:22 2022: Reducing Tablesize to match PMAX of 256
Sat Mar 26 11:06:29 2022: Reducing Tablesize to match PMAX of 256
Sat Mar 26 19:39:32 2022: Reducing Tablesize to match PMAX of 256
Sat Mar 26 19:42:20 2022: Reducing Tablesize to match PMAX of 256
Sat Mar 26 19:51:02 2022: Reducing Tablesize to match PMAX of 256
Sat Mar 26 19:53:50 2022: Reducing Tablesize to match PMAX of 256
Sat Mar 26 19:56:32 2022: Reducing Tablesize to match PMAX of 256
Sat Mar 26 20:01:25 2022: Reducing Tablesize to match PMAX of 256
Sat Mar 26 20:02:30 2022: Reducing Tablesize to match PMAX of 256
Sat Mar 26 20:02:36 2022: Reducing Tablesize to match PMAX of 256
Sat Mar 26 20:02:44 2022: Reducing Tablesize to match PMAX of 256
Sat Mar 26 20:02:50 2022: Reducing Tablesize to match PMAX of 256
Sat Mar 26 20:02:59 2022: Reducing Tablesize to match PMAX of 256
Sat Mar 26 20:03:03 2022: Reducing Tablesize to match PMAX of 256
Sat Mar 26 20:03:13 2022: Reducing Tablesize to match PMAX of 256
Sat Mar 26 20:03:24 2022: Reducing Tablesize to match PMAX of 256
Sat Mar 26 20:05:11 2022: Reducing Tablesize to match PMAX of 256
Sat Mar 26 20:05:18 2022: Reducing Tablesize to match PMAX of 256
Sat Mar 26 20:15:34 2022: Reducing Tablesize to match PMAX of 256
Sat Mar 26 20:15:36 2022: Reducing Tablesize to match PMAX of 256
Sat Mar 26 20:16:57 2022: Reducing Tablesize to match PMAX of 256
Sat Mar 26 20:17:40 2022: Reducing Tablesize to match PMAX of 256
Sat Mar 26 20:20:08 2022: Reducing Tablesize to match PMAX of 256
Sat Mar 26 20:24:30 2022: Reducing Tablesize to match PMAX of 256
Sat Mar 26 20:24:37 2022: Reducing Tablesize to match PMAX of 256
Sat Mar 26 20:28:21 2022: Reducing Tablesize to match PMAX of 256
Sat Mar 26 20:32:39 2022: Reducing Tablesize to match PMAX of 256
Sat Mar 26 20:35:51 2022: Reducing Tablesize to match PMAX of 256
Sat Mar 26 20:37:35 2022: Reducing Tablesize to match PMAX of 256
Sat Mar 26 20:45:03 2022: Reducing Tablesize to match PMAX of 256
Sat Mar 26 20:48:49 2022: Reducing Tablesize to match PMAX of 256
Sat Mar 26 20:50:49 2022: Reducing Tablesize to match PMAX of 256
Sat Mar 26 20:52:01 2022: Reducing Tablesize to match PMAX of 256
Sat Mar 26 20:52:03 2022: Reducing Tablesize to match PMAX of 256
Sat Mar 26 20:52:06 2022: Reducing Tablesize to match PMAX of 256
Sat Mar 26 20:57:45 2022: Reducing Tablesize to match PMAX of 256
Sat Mar 26 20:58:35 2022: Reducing Tablesize to match PMAX of 256
Sat Mar 26 20:58:37 2022: Reducing Tablesize to match PMAX of 256
Sat Mar 26 21:01:50 2022: Reducing Tablesize to match PMAX of 256
Sat Mar 26 21:03:44 2022: Reducing Tablesize to match PMAX of 256
Sat Mar 26 21:12:44 2022: Reducing Tablesize to match PMAX of 256
Sat Mar 26 21:13:56 2022: Reducing Tablesize to match PMAX of 256
Sat Mar 26 21:23:47 2022: Reducing Tablesize to match PMAX of 256
Sat Mar 26 21:26:57 2022: Reducing Tablesize to match PMAX of 256
Sat Mar 26 21:33:22 2022: Reducing Tablesize to match PMAX of 256
Sat Mar 26 21:36:01 2022: Reducing Tablesize to match PMAX of 256
Sat Mar 26 21:36:04 2022: Reducing Tablesize to match PMAX of 256
Sat Mar 26 21:39:21 2022: Reducing Tablesize to match PMAX of 256
Sat Mar 26 21:42:13 2022: Reducing Tablesize to match PMAX of 256
Sat Mar 26 21:45:12 2022: Reducing Tablesize to match PMAX of 256
Sat Mar 26 21:49:29 2022: Reducing Tablesize to match PMAX of 256
Sat Mar 26 21:50:42 2022: Reducing Tablesize to match PMAX of 256
Sat Mar 26 21:52:58 2022: Reducing Tablesize to match PMAX of 256
Sun Mar 27 09:40:03 2022: Reducing Tablesize to match PMAX of 256
Sun Mar 27 10:00:00 2022: Reducing Tablesize to match PMAX of 256
Sun Mar 27 10:04:40 2022: Reducing Tablesize to match PMAX of 256
Sun Mar 27 10:56:28 2022: Reducing Tablesize to match PMAX of 256
Sun Mar 27 11:02:24 2022: Reducing Tablesize to match PMAX of 256
Sun Mar 27 11:02:27 2022: Reducing Tablesize to match PMAX of 256
Sun Mar 27 11:04:32 2022: Reducing Tablesize to match PMAX of 256
Sun Mar 27 11:05:02 2022: Reducing Tablesize to match PMAX of 256
Sun Mar 27 11:06:53 2022: Reducing Tablesize to match PMAX of 256
Sun Mar 27 11:09:14 2022: Reducing Tablesize to match PMAX of 256
Sun Mar 27 11:10:28 2022: Reducing Tablesize to match PMAX of 256
Sun Mar 27 11:11:55 2022: Reducing Tablesize to match PMAX of 256
Sun Mar 27 11:16:03 2022: Reducing Tablesize to match PMAX of 256
Sun Mar 27 11:17:58 2022: Reducing Tablesize to match PMAX of 256
Sun Mar 27 11:22:55 2022: Reducing Tablesize to match PMAX of 256
Sun Mar 27 11:24:36 2022: Reducing Tablesize to match PMAX of 256
Sun Mar 27 11:24:40 2022: Reducing Tablesize to match PMAX of 256
Sun Mar 27 11:29:21 2022: Reducing Tablesize to match PMAX of 256
Sun Mar 27 11:31:41 2022: Reducing Tablesize to match PMAX of 256
Sun Mar 27 11:32:14 2022: Reducing Tablesize to match PMAX of 256
Sun Mar 27 11:34:16 2022: Reducing Tablesize to match PMAX of 256
Sun Mar 27 13:58:45 2022: Reducing Tablesize to match PMAX of 256
Sun Mar 27 14:00:17 2022: Reducing Tablesize to match PMAX of 256
Sun Mar 27 14:01:33 2022: Reducing Tablesize to match PMAX of 256
Sun Mar 27 14:01:35 2022: Reducing Tablesize to match PMAX of 256
Sun Mar 27 14:06:02 2022: Reducing Tablesize to match PMAX of 256
Sun Mar 27 14:09:19 2022: Reducing Tablesize to match PMAX of 256
Sun Mar 27 14:11:14 2022: Reducing Tablesize to match PMAX of 256
Sun Mar 27 14:13:17 2022: Reducing Tablesize to match PMAX of 256
Sun Mar 27 14:15:05 2022: Reducing Tablesize to match PMAX of 256
Sun Mar 27 14:16:20 2022: Reducing Tablesize to match PMAX of 256
Sun Mar 27 14:17:33 2022: Reducing Tablesize to match PMAX of 256
Sun Mar 27 14:19:02 2022: Reducing Tablesize to match PMAX of 256
Sun Mar 27 14:21:16 2022: Reducing Tablesize to match PMAX of 256
Sun Mar 27 14:24:36 2022: Reducing Tablesize to match PMAX of 256
Sun Mar 27 14:26:40 2022: Reducing Tablesize to match PMAX of 256
Sun Mar 27 14:28:38 2022: Reducing Tablesize to match PMAX of 256
Sun Mar 27 14:29:38 2022: Reducing Tablesize to match PMAX of 256
Sun Mar 27 14:30:35 2022: Reducing Tablesize to match PMAX of 256
Sun Mar 27 14:34:33 2022: Reducing Tablesize to match PMAX of 256
Sun Mar 27 21:13:32 2022: Reducing Tablesize to match PMAX of 256
Mon Mar 28 20:35:21 2022: Reducing Tablesize to match PMAX of 256
Mon Mar 28 20:37:18 2022: Reducing Tablesize to match PMAX of 256
Mon Mar 28 20:40:45 2022: Reducing Tablesize to match PMAX of 256
Mon Mar 28 20:42:36 2022: Reducing Tablesize to match PMAX of 256
Mon Mar 28 20:45:00 2022: Reducing Tablesize to match PMAX of 256
Mon Mar 28 20:47:00 2022: Reducing Tablesize to match PMAX of 256
Mon Mar 28 20:49:32 2022: Reducing Tablesize to match PMAX of 256
Mon Mar 28 20:53:47 2022: Reducing Tablesize to match PMAX of 256
Mon Mar 28 20:55:48 2022: Reducing Tablesize to match PMAX of 256
Mon Mar 28 20:59:27 2022: Reducing Tablesize to match PMAX of 256
Mon Mar 28 21:00:36 2022: Reducing Tablesize to match PMAX of 256
Mon Mar 28 21:03:53 2022: Reducing Tablesize to match PMAX of 256
Mon Mar 28 21:07:37 2022: Reducing Tablesize to match PMAX of 256
Mon Mar 28 21:22:22 2022: Reducing Tablesize to match PMAX of 256
Mon Mar 28 21:24:11 2022: Reducing Tablesize to match PMAX of 256
Mon Mar 28 21:25:27 2022: Reducing Tablesize to match PMAX of 256
Mon Mar 28 21:26:18 2022: Reducing Tablesize to match PMAX of 256
Mon Mar 28 21:30:05 2022: Reducing Tablesize to match PMAX of 256
Mon Mar 28 21:30:18 2022: Reducing Tablesize to match PMAX of 256
Mon Mar 28 21:35:08 2022: Reducing Tablesize to match PMAX of 256
Mon Mar 28 21:36:53 2022: Reducing Tablesize to match PMAX of 256
Mon Mar 28 21:41:05 2022: Reducing Tablesize to match PMAX of 256
Mon Mar 28 21:43:45 2022: Reducing Tablesize to match PMAX of 256
Mon Mar 28 21:44:59 2022: Reducing Tablesize to match PMAX of 256
Mon Mar 28 21:46:14 2022: Reducing Tablesize to match PMAX of 256
Mon Mar 28 21:49:24 2022: Reducing Tablesize to match PMAX of 256
Mon Mar 28 21:53:22 2022: Reducing Tablesize to match PMAX of 256
Mon Mar 28 21:53:57 2022: Reducing Tablesize to match PMAX of 256
Mon Mar 28 21:56:33 2022: Reducing Tablesize to match PMAX of 256
Mon Mar 28 21:58:27 2022: Reducing Tablesize to match PMAX of 256
Mon Mar 28 21:59:27 2022: Reducing Tablesize to match PMAX of 256
Tue Mar 29 19:20:54 2022: Reducing Tablesize to match PMAX of 256
Tue Mar 29 19:23:08 2022: Reducing Tablesize to match PMAX of 256
Tue Mar 29 19:24:24 2022: Reducing Tablesize to match PMAX of 256
Tue Mar 29 19:37:35 2022: Reducing Tablesize to match PMAX of 256
Tue Mar 29 19:41:05 2022: Reducing Tablesize to match PMAX of 256
Tue Mar 29 20:15:28 2022: Reducing Tablesize to match PMAX of 256
Tue Mar 29 20:16:20 2022: Reducing Tablesize to match PMAX of 256
Tue Mar 29 20:19:07 2022: Reducing Tablesize to match PMAX of 256
Tue Mar 29 20:19:50 2022: Reducing Tablesize to match PMAX of 256
Tue Mar 29 20:20:12 2022: Reducing Tablesize to match PMAX of 256
Tue Mar 29 20:21:28 2022: Reducing Tablesize to match PMAX of 256
Tue Mar 29 20:30:20 2022: Reducing Tablesize to match PMAX of 256
Tue Mar 29 20:33:28 2022: Reducing Tablesize to match PMAX of 256
Tue Mar 29 20:36:43 2022: Reducing Tablesize to match PMAX of 256
Tue Mar 29 20:39:10 2022: Reducing Tablesize to match PMAX of 256
Tue Mar 29 20:42:42 2022: Reducing Tablesize to match PMAX of 256
Tue Mar 29 20:46:22 2022: Reducing Tablesize to match PMAX of 256
Tue Mar 29 20:49:10 2022: Reducing Tablesize to match PMAX of 256
Tue Mar 29 20:57:39 2022: Reducing Tablesize to match PMAX of 256
Tue Mar 29 21:09:28 2022: Reducing Tablesize to match PMAX of 256
Tue Mar 29 21:14:04 2022: Reducing Tablesize to match PMAX of 256
Tue Mar 29 21:17:27 2022: Reducing Tablesize to match PMAX of 256
Tue Mar 29 21:24:22 2022: Reducing Tablesize to match PMAX of 256
Wed Mar 30 21:16:26 2022: Reducing Tablesize to match PMAX of 256
Wed Mar 30 21:27:40 2022: Reducing Tablesize to match PMAX of 256
Wed Mar 30 21:33:52 2022: Reducing Tablesize to match PMAX of 256
Wed Mar 30 21:38:14 2022: Reducing Tablesize to match PMAX of 256
Wed Mar 30 21:39:58 2022: Reducing Tablesize to match PMAX of 256
Wed Mar 30 21:40:03 2022: Reducing Tablesize to match PMAX of 256
Wed Mar 30 21:43:47 2022: Reducing Tablesize to match PMAX of 256
Wed Mar 30 21:44:21 2022: Reducing Tablesize to match PMAX of 256
Wed Mar 30 21:46:53 2022: Reducing Tablesize to match PMAX of 256
Wed Mar 30 21:50:01 2022: Reducing Tablesize to match PMAX of 256
Wed Mar 30 21:52:41 2022: Reducing Tablesize to match PMAX of 256
Wed Mar 30 21:55:52 2022: Reducing Tablesize to match PMAX of 256
Wed Mar 30 22:03:52 2022: Reducing Tablesize to match PMAX of 256
Wed Mar 30 22:05:43 2022: Reducing Tablesize to match PMAX of 256
Wed Mar 30 22:10:42 2022: Reducing Tablesize to match PMAX of 256
Wed Mar 30 22:13:14 2022: Reducing Tablesize to match PMAX of 256
Wed Mar 30 22:14:56 2022: Reducing Tablesize to match PMAX of 256
Wed Mar 30 22:15:00 2022: Reducing Tablesize to match PMAX of 256
Wed Mar 30 22:16:29 2022: Reducing Tablesize to match PMAX of 256
Wed Mar 30 22:22:11 2022: Reducing Tablesize to match PMAX of 256
Wed Mar 30 22:23:14 2022: Reducing Tablesize to match PMAX of 256
Wed Mar 30 22:23:56 2022: Reducing Tablesize to match PMAX of 256
Wed Mar 30 22:25:57 2022: Reducing Tablesize to match PMAX of 256
Wed Mar 30 22:30:36 2022: Reducing Tablesize to match PMAX of 256
Wed Mar 30 22:31:42 2022: Reducing Tablesize to match PMAX of 256
Wed Mar 30 22:34:45 2022: Reducing Tablesize to match PMAX of 256
Thu Mar 31 18:11:45 2022: Reducing Tablesize to match PMAX of 256
Thu Mar 31 18:15:00 2022: Reducing Tablesize to match PMAX of 256
Thu Mar 31 18:19:45 2022: Reducing Tablesize to match PMAX of 256
Thu Mar 31 18:23:49 2022: Reducing Tablesize to match PMAX of 256
Thu Mar 31 18:27:49 2022: Reducing Tablesize to match PMAX of 256
Thu Mar 31 18:30:57 2022: Reducing Tablesize to match PMAX of 256
Thu Mar 31 18:33:30 2022: Reducing Tablesize to match PMAX of 256
Thu Mar 31 18:36:44 2022: Reducing Tablesize to match PMAX of 256
Thu Mar 31 18:39:40 2022: Reducing Tablesize to match PMAX of 256
Thu Mar 31 18:41:09 2022: Reducing Tablesize to match PMAX of 256
Thu Mar 31 19:16:12 2022: Reducing Tablesize to match PMAX of 256
Thu Mar 31 19:17:46 2022: Reducing Tablesize to match PMAX of 256
Thu Mar 31 19:21:46 2022: Reducing Tablesize to match PMAX of 256
Thu Mar 31 19:24:35 2022: Reducing Tablesize to match PMAX of 256
Thu Mar 31 19:26:44 2022: Reducing Tablesize to match PMAX of 256
Fri Apr  1 16:43:53 2022: Reducing Tablesize to match PMAX of 256
Sat Apr  2 11:02:26 2022: Reducing Tablesize to match PMAX of 256
Sat Apr  2 11:03:14 2022: Reducing Tablesize to match PMAX of 256
Sat Apr  2 11:30:56 2022: Reducing Tablesize to match PMAX of 256
Sat Apr  2 11:36:46 2022: Reducing Tablesize to match PMAX of 256
Sat Apr  2 11:44:53 2022: Reducing Tablesize to match PMAX of 256
Sat Apr  2 11:49:10 2022: Reducing Tablesize to match PMAX of 256
Sat Apr  2 11:50:42 2022: Reducing Tablesize to match PMAX of 256
Sat Apr  2 11:56:51 2022: Reducing Tablesize to match PMAX of 256
Sat Apr  2 12:01:10 2022: Reducing Tablesize to match PMAX of 256
Sat Apr  2 12:02:55 2022: Reducing Tablesize to match PMAX of 256
Sat Apr  2 12:04:17 2022: Reducing Tablesize to match PMAX of 256
Sat Apr  2 13:13:14 2022: Reducing Tablesize to match PMAX of 256
Sat Apr  2 13:15:39 2022: Reducing Tablesize to match PMAX of 256
Sat Apr  2 13:30:53 2022: Reducing Tablesize to match PMAX of 256
Sat Apr  2 13:45:09 2022: Reducing Tablesize to match PMAX of 256
Sat Apr  2 13:47:36 2022: Reducing Tablesize to match PMAX of 256
Sat Apr  2 13:49:23 2022: Reducing Tablesize to match PMAX of 256
Sat Apr  2 13:51:24 2022: Reducing Tablesize to match PMAX of 256
Sat Apr  2 13:53:57 2022: Reducing Tablesize to match PMAX of 256
Sat Apr  2 13:56:45 2022: Reducing Tablesize to match PMAX of 256
Sat Apr  2 13:59:17 2022: Reducing Tablesize to match PMAX of 256
Sat Apr  2 14:02:21 2022: Reducing Tablesize to match PMAX of 256
Sat Apr  2 14:17:14 2022: Reducing Tablesize to match PMAX of 256
Sat Apr  2 14:18:40 2022: Reducing Tablesize to match PMAX of 256
Sat Apr  2 14:22:14 2022: Reducing Tablesize to match PMAX of 256
Sat Apr  2 14:24:41 2022: Reducing Tablesize to match PMAX of 256
Sat Apr  2 14:27:01 2022: Reducing Tablesize to match PMAX of 256
Sat Apr  2 14:33:36 2022: Reducing Tablesize to match PMAX of 256
Sat Apr  2 17:00:47 2022: Reducing Tablesize to match PMAX of 256
Sat Apr  2 17:02:11 2022: Reducing Tablesize to match PMAX of 256
Sat Apr  2 17:22:43 2022: Reducing Tablesize to match PMAX of 256
Sat Apr  2 17:25:44 2022: Reducing Tablesize to match PMAX of 256
Sat Apr  2 19:19:31 2022: Reducing Tablesize to match PMAX of 256
Sat Apr  2 19:22:05 2022: Reducing Tablesize to match PMAX of 256
Sat Apr  2 19:26:32 2022: Reducing Tablesize to match PMAX of 256
Sat Apr  2 20:10:30 2022: Reducing Tablesize to match PMAX of 256
Sat Apr  2 20:13:48 2022: Reducing Tablesize to match PMAX of 256
Sat Apr  2 20:15:35 2022: Reducing Tablesize to match PMAX of 256
Sat Apr  2 20:18:03 2022: Reducing Tablesize to match PMAX of 256
Sat Apr  2 20:22:15 2022: Reducing Tablesize to match PMAX of 256
Sat Apr  2 20:28:33 2022: Reducing Tablesize to match PMAX of 256
Sat Apr  2 20:31:02 2022: Reducing Tablesize to match PMAX of 256
Sat Apr  2 20:34:13 2022: Reducing Tablesize to match PMAX of 256
Sat Apr  2 20:35:37 2022: Reducing Tablesize to match PMAX of 256
Sat Apr  2 20:38:53 2022: Reducing Tablesize to match PMAX of 256
Sat Apr  2 20:42:07 2022: Reducing Tablesize to match PMAX of 256
Sat Apr  2 20:44:21 2022: Reducing Tablesize to match PMAX of 256
Sat Apr  2 20:50:11 2022: Reducing Tablesize to match PMAX of 256
Sat Apr  2 20:51:13 2022: Reducing Tablesize to match PMAX of 256
Sat Apr  2 20:52:27 2022: Reducing Tablesize to match PMAX of 256
Sat Apr  2 21:03:32 2022: Reducing Tablesize to match PMAX of 256
Sat Apr  2 21:06:12 2022: Reducing Tablesize to match PMAX of 256
Sat Apr  2 21:09:44 2022: Reducing Tablesize to match PMAX of 256
Sat Apr  2 21:12:22 2022: Reducing Tablesize to match PMAX of 256
Sat Apr  2 21:14:11 2022: Reducing Tablesize to match PMAX of 256
Sat Apr  2 21:16:13 2022: Reducing Tablesize to match PMAX of 256
Sat Apr  2 21:27:26 2022: Reducing Tablesize to match PMAX of 256
Sat Apr  2 21:34:04 2022: Reducing Tablesize to match PMAX of 256
Sat Apr  2 21:37:40 2022: Reducing Tablesize to match PMAX of 256
Sat Apr  2 21:38:33 2022: Reducing Tablesize to match PMAX of 256
Sat Apr  2 21:42:58 2022: Reducing Tablesize to match PMAX of 256
Sat Apr  2 21:44:05 2022: Reducing Tablesize to match PMAX of 256
Sun Apr  3 09:20:48 2022: Reducing Tablesize to match PMAX of 256
Sun Apr  3 09:21:22 2022: Reducing Tablesize to match PMAX of 256
Sun Apr  3 09:31:59 2022: Reducing Tablesize to match PMAX of 256
Sun Apr  3 09:32:16 2022: Reducing Tablesize to match PMAX of 256
Sun Apr  3 09:36:04 2022: Reducing Tablesize to match PMAX of 256
Sun Apr  3 09:37:46 2022: Reducing Tablesize to match PMAX of 256
Sun Apr  3 09:40:03 2022: Reducing Tablesize to match PMAX of 256
Sun Apr  3 09:42:04 2022: Reducing Tablesize to match PMAX of 256
Sun Apr  3 09:46:41 2022: Reducing Tablesize to match PMAX of 256
Sun Apr  3 09:46:56 2022: Reducing Tablesize to match PMAX of 256
Sun Apr  3 10:11:06 2022: Reducing Tablesize to match PMAX of 256
Sun Apr  3 10:13:24 2022: Reducing Tablesize to match PMAX of 256
Sun Apr  3 10:17:18 2022: Reducing Tablesize to match PMAX of 256
Sun Apr  3 10:19:30 2022: Reducing Tablesize to match PMAX of 256
Sun Apr  3 10:22:44 2022: Reducing Tablesize to match PMAX of 256
Sun Apr  3 10:26:55 2022: Reducing Tablesize to match PMAX of 256
Sun Apr  3 10:28:26 2022: Reducing Tablesize to match PMAX of 256
Sun Apr  3 10:31:21 2022: Reducing Tablesize to match PMAX of 256
Sun Apr  3 10:33:56 2022: Reducing Tablesize to match PMAX of 256
Sun Apr  3 10:38:20 2022: Reducing Tablesize to match PMAX of 256
Sun Apr  3 10:48:28 2022: Reducing Tablesize to match PMAX of 256
Sun Apr  3 10:57:17 2022: Reducing Tablesize to match PMAX of 256
Sun Apr  3 10:58:04 2022: Reducing Tablesize to match PMAX of 256
Sun Apr  3 10:58:17 2022: Reducing Tablesize to match PMAX of 256
Sun Apr  3 11:00:59 2022: Reducing Tablesize to match PMAX of 256
Sun Apr  3 11:05:02 2022: Reducing Tablesize to match PMAX of 256
Sun Apr  3 11:07:11 2022: Reducing Tablesize to match PMAX of 256
Sun Apr  3 11:12:46 2022: Reducing Tablesize to match PMAX of 256
Sun Apr  3 11:18:15 2022: Reducing Tablesize to match PMAX of 256
Sun Apr  3 11:19:22 2022: Reducing Tablesize to match PMAX of 256
Sun Apr  3 11:27:45 2022: Reducing Tablesize to match PMAX of 256
Sun Apr  3 11:31:44 2022: Reducing Tablesize to match PMAX of 256
Sun Apr  3 11:33:55 2022: Reducing Tablesize to match PMAX of 256
Sun Apr  3 11:37:03 2022: Reducing Tablesize to match PMAX of 256
Sun Apr  3 11:41:19 2022: Reducing Tablesize to match PMAX of 256
Sun Apr 10 10:22:13 2022: Reducing Tablesize to match PMAX of 256
Sun Apr 10 13:21:14 2022: Reducing Tablesize to match PMAX of 256
Sun Apr 10 13:23:12 2022: Reducing Tablesize to match PMAX of 256
Sun Apr 10 13:25:28 2022: Reducing Tablesize to match PMAX of 256
Sun Apr 10 13:28:59 2022: Reducing Tablesize to match PMAX of 256
Sun Apr 10 13:30:45 2022: Reducing Tablesize to match PMAX of 256
Sun Apr 10 13:31:18 2022: Reducing Tablesize to match PMAX of 256
Sun Apr 10 13:37:28 2022: Reducing Tablesize to match PMAX of 256
Sun Apr 10 13:42:38 2022: Reducing Tablesize to match PMAX of 256
Sun Apr 10 13:45:22 2022: Reducing Tablesize to match PMAX of 256
Sun Apr 10 13:51:39 2022: Reducing Tablesize to match PMAX of 256
Sun Apr 10 13:58:15 2022: Reducing Tablesize to match PMAX of 256
Sun Apr 10 14:01:34 2022: Reducing Tablesize to match PMAX of 256
Sun Apr 10 14:01:57 2022: Reducing Tablesize to match PMAX of 256
Sun Apr 10 14:03:24 2022: Reducing Tablesize to match PMAX of 256
Sun Apr 10 14:05:34 2022: Reducing Tablesize to match PMAX of 256
Sun Apr 10 14:08:51 2022: Reducing Tablesize to match PMAX of 256
Sun Apr 10 14:12:52 2022: Reducing Tablesize to match PMAX of 256
Mon Apr 11 10:36:56 2022: Reducing Tablesize to match PMAX of 256
Mon Apr 11 10:48:11 2022: Reducing Tablesize to match PMAX of 256
Mon Apr 11 10:50:40 2022: Reducing Tablesize to match PMAX of 256
Mon Apr 11 10:54:21 2022: Reducing Tablesize to match PMAX of 256
Mon Apr 11 10:56:45 2022: Reducing Tablesize to match PMAX of 256
Mon Apr 11 10:58:11 2022: Reducing Tablesize to match PMAX of 256
Mon Apr 11 11:00:57 2022: Reducing Tablesize to match PMAX of 256
Mon Apr 11 14:19:01 2022: Reducing Tablesize to match PMAX of 256
Mon Apr 11 14:24:49 2022: Reducing Tablesize to match PMAX of 256
Mon Apr 11 14:27:23 2022: Reducing Tablesize to match PMAX of 256
Mon Apr 11 14:32:45 2022: Reducing Tablesize to match PMAX of 256
Mon Apr 11 14:46:00 2022: Reducing Tablesize to match PMAX of 256
Mon Apr 11 15:25:35 2022: Reducing Tablesize to match PMAX of 256
Mon Apr 11 16:08:48 2022: Reducing Tablesize to match PMAX of 256
Tue Apr 12 09:42:18 2022: Reducing Tablesize to match PMAX of 256
Tue Apr 12 09:44:30 2022: Reducing Tablesize to match PMAX of 256
Tue Apr 12 10:36:35 2022: Reducing Tablesize to match PMAX of 256
Tue Apr 12 10:55:41 2022: Reducing Tablesize to match PMAX of 256
Tue Apr 12 14:22:45 2022: Reducing Tablesize to match PMAX of 256
Tue Apr 12 14:28:32 2022: Reducing Tablesize to match PMAX of 256
Tue Apr 12 14:43:37 2022: Reducing Tablesize to match PMAX of 256
Tue Apr 12 14:46:51 2022: Reducing Tablesize to match PMAX of 256
Tue Apr 12 15:02:09 2022: Reducing Tablesize to match PMAX of 256
Tue Apr 12 15:10:33 2022: Reducing Tablesize to match PMAX of 256
Tue Apr 12 15:22:17 2022: Reducing Tablesize to match PMAX of 256
Tue Apr 12 15:27:30 2022: Reducing Tablesize to match PMAX of 256
Tue Apr 12 15:32:36 2022: Reducing Tablesize to match PMAX of 256
Tue Apr 12 16:09:11 2022: Reducing Tablesize to match PMAX of 256
Tue Apr 12 16:18:25 2022: Reducing Tablesize to match PMAX of 256
Tue Apr 12 16:22:31 2022: Reducing Tablesize to match PMAX of 256
Tue Apr 12 16:34:35 2022: Reducing Tablesize to match PMAX of 256
Tue Apr 12 16:39:21 2022: Reducing Tablesize to match PMAX of 256
Tue Apr 12 16:41:16 2022: Reducing Tablesize to match PMAX of 256
Tue Apr 12 16:48:24 2022: Reducing Tablesize to match PMAX of 256
Tue Apr 12 16:58:27 2022: Reducing Tablesize to match PMAX of 256
Tue Apr 12 17:10:25 2022: Reducing Tablesize to match PMAX of 256
Tue Apr 12 17:13:18 2022: Reducing Tablesize to match PMAX of 256
Tue Apr 12 20:10:15 2022: Reducing Tablesize to match PMAX of 256
Tue Apr 12 20:56:44 2022: Reducing Tablesize to match PMAX of 256
Tue Apr 12 20:58:39 2022: Reducing Tablesize to match PMAX of 256
Tue Apr 12 21:18:52 2022: Reducing Tablesize to match PMAX of 256
Tue Apr 12 21:20:34 2022: Reducing Tablesize to match PMAX of 256
Tue Apr 12 21:21:28 2022: Reducing Tablesize to match PMAX of 256
Tue Apr 12 21:22:06 2022: Reducing Tablesize to match PMAX of 256
Tue Apr 12 21:25:00 2022: Reducing Tablesize to match PMAX of 256
Tue Apr 12 21:37:31 2022: Reducing Tablesize to match PMAX of 256
Tue Apr 12 21:41:09 2022: Reducing Tablesize to match PMAX of 256
Wed Apr 13 08:46:20 2022: Reducing Tablesize to match PMAX of 256
Wed Apr 13 08:57:59 2022: Reducing Tablesize to match PMAX of 256
Wed Apr 13 09:15:39 2022: Reducing Tablesize to match PMAX of 256
Wed Apr 13 09:32:21 2022: Reducing Tablesize to match PMAX of 256
Wed Apr 13 09:44:12 2022: Reducing Tablesize to match PMAX of 256
Wed Apr 13 09:50:12 2022: Reducing Tablesize to match PMAX of 256
Wed Apr 13 09:53:45 2022: Reducing Tablesize to match PMAX of 256
Wed Apr 13 09:55:19 2022: Reducing Tablesize to match PMAX of 256
Wed Apr 13 10:36:44 2022: Reducing Tablesize to match PMAX of 256
Wed Apr 13 10:55:55 2022: Reducing Tablesize to match PMAX of 256
Wed Apr 13 11:02:03 2022: Reducing Tablesize to match PMAX of 256
Wed Apr 13 11:10:32 2022: Reducing Tablesize to match PMAX of 256
Wed Apr 13 11:21:43 2022: Reducing Tablesize to match PMAX of 256
Wed Apr 13 11:34:53 2022: Reducing Tablesize to match PMAX of 256
Wed Apr 13 11:34:57 2022: Reducing Tablesize to match PMAX of 256
Wed Apr 13 11:43:49 2022: Reducing Tablesize to match PMAX of 256
Wed Apr 13 11:49:08 2022: Reducing Tablesize to match PMAX of 256
Wed Apr 13 11:54:16 2022: Reducing Tablesize to match PMAX of 256
Wed Apr 13 12:05:38 2022: Reducing Tablesize to match PMAX of 256
Wed Apr 13 14:33:15 2022: Reducing Tablesize to match PMAX of 256
Wed Apr 13 14:58:07 2022: Reducing Tablesize to match PMAX of 256
Wed Apr 13 15:01:17 2022: Reducing Tablesize to match PMAX of 256
Wed Apr 13 15:07:26 2022: Reducing Tablesize to match PMAX of 256
Wed Apr 13 15:12:57 2022: Reducing Tablesize to match PMAX of 256
Wed Apr 13 15:16:15 2022: Reducing Tablesize to match PMAX of 256
Wed Apr 13 15:16:19 2022: Reducing Tablesize to match PMAX of 256
Wed Apr 13 15:19:53 2022: Reducing Tablesize to match PMAX of 256
Wed Apr 13 15:23:45 2022: Reducing Tablesize to match PMAX of 256
Wed Apr 13 15:24:57 2022: Reducing Tablesize to match PMAX of 256
Wed Apr 13 15:26:06 2022: Reducing Tablesize to match PMAX of 256
Wed Apr 13 15:27:09 2022: Reducing Tablesize to match PMAX of 256
Wed Apr 13 15:29:54 2022: Reducing Tablesize to match PMAX of 256
Wed Apr 13 15:52:49 2022: Reducing Tablesize to match PMAX of 256
Wed Apr 13 15:57:06 2022: Reducing Tablesize to match PMAX of 256
Wed Apr 13 16:01:17 2022: Reducing Tablesize to match PMAX of 256
Wed Apr 13 21:50:30 2022: Reducing Tablesize to match PMAX of 256
Wed Apr 13 21:52:43 2022: Reducing Tablesize to match PMAX of 256
Wed Apr 13 21:57:31 2022: Reducing Tablesize to match PMAX of 256
Wed Apr 13 22:05:28 2022: Reducing Tablesize to match PMAX of 256
Wed Apr 13 22:23:05 2022: Reducing Tablesize to match PMAX of 256
Thu Apr 14 08:41:09 2022: Reducing Tablesize to match PMAX of 256
Thu Apr 14 08:46:19 2022: Reducing Tablesize to match PMAX of 256
Thu Apr 14 08:56:35 2022: Reducing Tablesize to match PMAX of 256
Fri Apr 15 09:44:34 2022: Reducing Tablesize to match PMAX of 256
Fri Apr 15 09:46:56 2022: Reducing Tablesize to match PMAX of 256
Fri Apr 15 10:29:36 2022: Reducing Tablesize to match PMAX of 256
Fri Apr 15 18:02:30 2022: Reducing Tablesize to match PMAX of 256
Fri Apr 15 18:11:44 2022: Reducing Tablesize to match PMAX of 256
Fri Apr 15 18:12:58 2022: Reducing Tablesize to match PMAX of 256
Fri Apr 15 18:14:28 2022: Reducing Tablesize to match PMAX of 256
Fri Apr 15 18:16:35 2022: Reducing Tablesize to match PMAX of 256
Fri Apr 15 18:19:36 2022: Reducing Tablesize to match PMAX of 256
Fri Apr 15 18:25:38 2022: Reducing Tablesize to match PMAX of 256
Fri Apr 15 18:31:03 2022: Reducing Tablesize to match PMAX of 256
Fri Apr 15 18:34:51 2022: Reducing Tablesize to match PMAX of 256
Fri Apr 15 18:39:55 2022: Reducing Tablesize to match PMAX of 256
Fri Apr 15 18:43:06 2022: Reducing Tablesize to match PMAX of 256
Fri Apr 15 18:54:20 2022: Reducing Tablesize to match PMAX of 256
Fri Apr 15 20:31:32 2022: Reducing Tablesize to match PMAX of 256
Fri Apr 15 20:38:13 2022: Reducing Tablesize to match PMAX of 256
Fri Apr 15 20:43:30 2022: Reducing Tablesize to match PMAX of 256
Fri Apr 15 20:49:45 2022: Reducing Tablesize to match PMAX of 256
Fri Apr 15 21:02:26 2022: Reducing Tablesize to match PMAX of 256
Fri Apr 15 21:06:45 2022: Reducing Tablesize to match PMAX of 256
Fri Apr 15 21:09:52 2022: Reducing Tablesize to match PMAX of 256
Fri Apr 15 21:59:16 2022: Reducing Tablesize to match PMAX of 256
Fri Apr 15 22:06:40 2022: Reducing Tablesize to match PMAX of 256
Fri Apr 15 22:09:39 2022: Reducing Tablesize to match PMAX of 256
Fri Apr 15 22:14:08 2022: Reducing Tablesize to match PMAX of 256
Fri Apr 15 22:18:09 2022: Reducing Tablesize to match PMAX of 256
Fri Apr 15 22:24:21 2022: Reducing Tablesize to match PMAX of 256
Fri Apr 15 22:30:19 2022: Reducing Tablesize to match PMAX of 256
Fri Apr 15 22:30:36 2022: Reducing Tablesize to match PMAX of 256
Fri Apr 15 22:30:39 2022: Reducing Tablesize to match PMAX of 256
Fri Apr 15 22:33:51 2022: Reducing Tablesize to match PMAX of 256
Fri Apr 15 22:35:43 2022: Reducing Tablesize to match PMAX of 256
Sat Apr 16 16:57:40 2022: Reducing Tablesize to match PMAX of 256
Sat Apr 16 17:00:26 2022: Reducing Tablesize to match PMAX of 256
Sat Apr 16 17:28:16 2022: Reducing Tablesize to match PMAX of 256
Sat Apr 16 17:28:18 2022: Reducing Tablesize to match PMAX of 256
Sat Apr 16 17:37:36 2022: Reducing Tablesize to match PMAX of 256
Mon Apr 18 15:44:26 2022: Reducing Tablesize to match PMAX of 256
Mon Apr 18 15:52:34 2022: Reducing Tablesize to match PMAX of 256
Mon Apr 18 17:03:03 2022: Reducing Tablesize to match PMAX of 256
Mon Apr 18 17:09:06 2022: Reducing Tablesize to match PMAX of 256
Mon Apr 18 17:14:18 2022: Reducing Tablesize to match PMAX of 256
Mon Apr 18 17:19:37 2022: Reducing Tablesize to match PMAX of 256
Mon Apr 18 17:28:22 2022: Reducing Tablesize to match PMAX of 256
Mon Apr 18 17:33:44 2022: Reducing Tablesize to match PMAX of 256
Mon Apr 18 17:37:01 2022: Reducing Tablesize to match PMAX of 256
Mon Apr 18 17:41:45 2022: Reducing Tablesize to match PMAX of 256
Mon Apr 18 17:48:44 2022: Reducing Tablesize to match PMAX of 256
Mon Apr 18 17:50:14 2022: Reducing Tablesize to match PMAX of 256
Mon Apr 18 17:51:34 2022: Reducing Tablesize to match PMAX of 256
Mon Apr 18 17:58:59 2022: Reducing Tablesize to match PMAX of 256
Mon Apr 18 18:03:04 2022: Reducing Tablesize to match PMAX of 256
Mon Apr 18 18:07:43 2022: Reducing Tablesize to match PMAX of 256
Mon Apr 18 18:10:15 2022: Reducing Tablesize to match PMAX of 256
Mon Apr 18 18:12:06 2022: Reducing Tablesize to match PMAX of 256
Mon Apr 18 18:14:28 2022: Reducing Tablesize to match PMAX of 256
Mon Apr 18 18:17:41 2022: Reducing Tablesize to match PMAX of 256
Mon Apr 18 18:25:03 2022: Reducing Tablesize to match PMAX of 256
Mon Apr 18 19:43:08 2022: Reducing Tablesize to match PMAX of 256
Mon Apr 18 19:56:37 2022: Reducing Tablesize to match PMAX of 256
Mon Apr 18 20:00:43 2022: Reducing Tablesize to match PMAX of 256
Mon Apr 18 20:07:20 2022: Reducing Tablesize to match PMAX of 256
Mon Apr 18 20:41:05 2022: Reducing Tablesize to match PMAX of 256
Mon Apr 18 20:47:40 2022: Reducing Tablesize to match PMAX of 256
Mon Apr 18 20:53:05 2022: Reducing Tablesize to match PMAX of 256
Mon Apr 18 20:56:32 2022: Reducing Tablesize to match PMAX of 256
Thu Apr 21 10:00:15 2022: Reducing Tablesize to match PMAX of 256
Thu Apr 21 10:03:49 2022: Reducing Tablesize to match PMAX of 256
Thu Apr 21 10:31:30 2022: Reducing Tablesize to match PMAX of 256
Thu Apr 21 10:52:48 2022: Reducing Tablesize to match PMAX of 256
Thu Apr 21 11:05:09 2022: Reducing Tablesize to match PMAX of 256
Thu Apr 21 11:07:09 2022: Reducing Tablesize to match PMAX of 256
Thu Apr 21 11:41:35 2022: Reducing Tablesize to match PMAX of 256
Thu Apr 21 11:46:23 2022: Reducing Tablesize to match PMAX of 256
Thu Apr 21 15:22:49 2022: Reducing Tablesize to match PMAX of 256
Thu Apr 21 15:26:12 2022: Reducing Tablesize to match PMAX of 256
Thu Apr 21 15:29:05 2022: Reducing Tablesize to match PMAX of 256
Thu Apr 21 15:32:00 2022: Reducing Tablesize to match PMAX of 256
Thu Apr 21 17:18:07 2022: Reducing Tablesize to match PMAX of 256
Thu Apr 21 17:25:19 2022: Reducing Tablesize to match PMAX of 256
Thu Apr 21 17:29:03 2022: Reducing Tablesize to match PMAX of 256
Thu Apr 21 17:37:12 2022: Reducing Tablesize to match PMAX of 256
Thu Apr 21 17:44:21 2022: Reducing Tablesize to match PMAX of 256
Thu Apr 21 17:54:27 2022: Reducing Tablesize to match PMAX of 256
Fri Apr 22 10:10:46 2022: Reducing Tablesize to match PMAX of 256
Fri Apr 22 10:16:17 2022: Reducing Tablesize to match PMAX of 256
Fri Apr 22 10:25:10 2022: Reducing Tablesize to match PMAX of 256
Sat Apr 23 11:32:16 2022: Reducing Tablesize to match PMAX of 256
Sat Apr 23 11:43:17 2022: Reducing Tablesize to match PMAX of 256
Sat Apr 23 13:40:08 2022: Reducing Tablesize to match PMAX of 256
Sat Apr 23 13:40:47 2022: Reducing Tablesize to match PMAX of 256
Sat Apr 23 13:43:45 2022: Reducing Tablesize to match PMAX of 256
Sat Apr 23 13:46:34 2022: Reducing Tablesize to match PMAX of 256
Sat Apr 23 13:54:30 2022: Reducing Tablesize to match PMAX of 256
Sat Apr 23 14:03:35 2022: Reducing Tablesize to match PMAX of 256
Sat Apr 23 14:03:52 2022: Reducing Tablesize to match PMAX of 256
Sat Apr 23 14:06:18 2022: Reducing Tablesize to match PMAX of 256
Sat Apr 23 14:15:57 2022: Reducing Tablesize to match PMAX of 256
Sat Apr 23 14:16:54 2022: Reducing Tablesize to match PMAX of 256
Sat Apr 23 14:17:56 2022: Reducing Tablesize to match PMAX of 256
Sat Apr 23 14:19:18 2022: Reducing Tablesize to match PMAX of 256
Sat Apr 23 14:23:38 2022: Reducing Tablesize to match PMAX of 256
Sat Apr 23 14:26:03 2022: Reducing Tablesize to match PMAX of 256
Sat Apr 23 14:48:59 2022: Reducing Tablesize to match PMAX of 256
